{"/Users/josecosta/dev/swarm-cli/src/modules/Adapters/useCases/claude.ts": {"path":"/Users/josecosta/dev/swarm-cli/src/modules/Adapters/useCases/claude.ts","statementMap":{"0":{"start":{"line":6,"column":23},"end":{"line":6,"column":null}},"1":{"start":{"line":16,"column":17},"end":{"line":16,"column":19}},"2":{"start":{"line":17,"column":4},"end":{"line":17,"column":null}},"3":{"start":{"line":17,"column":14},"end":{"line":17,"column":null}},"4":{"start":{"line":20,"column":4},"end":{"line":20,"column":null}}},"fnMap":{"0":{"name":"build_args","decl":{"start":{"line":15,"column":16},"end":{"line":15,"column":27}},"loc":{"start":{"line":15,"column":107},"end":{"line":20,"column":null}},"line":15}},"branchMap":{"0":{"loc":{"start":{"line":15,"column":41},"end":{"line":15,"column":65}},"type":"default-arg","locations":[{"start":{"line":15,"column":63},"end":{"line":15,"column":65}}],"line":15},"1":{"loc":{"start":{"line":15,"column":67},"end":{"line":15,"column":105}},"type":"default-arg","locations":[{"start":{"line":15,"column":103},"end":{"line":15,"column":105}}],"line":15},"2":{"loc":{"start":{"line":17,"column":4},"end":{"line":17,"column":null}},"type":"if","locations":[{"start":{"line":17,"column":4},"end":{"line":17,"column":null}},{"start":{},"end":{}}],"line":17}},"s":{"0":2,"1":4,"2":4,"3":4,"4":4},"f":{"0":4},"b":{"0":[4],"1":[4],"2":[4,0]},"meta":{"lastBranch":3,"lastFunction":1,"lastStatement":5,"seen":{"s:6:23:6:Infinity":0,"f:15:16:15:27":0,"b:15:63:15:65":0,"b:15:103:15:105":1,"s:16:17:16:19":1,"b:17:4:17:Infinity:undefined:undefined:undefined:undefined":2,"s:17:4:17:Infinity":2,"s:17:14:17:Infinity":3,"s:20:4:20:Infinity":4}}}
,"/Users/josecosta/dev/swarm-cli/src/modules/Adapters/useCases/codex.ts": {"path":"/Users/josecosta/dev/swarm-cli/src/modules/Adapters/useCases/codex.ts","statementMap":{"0":{"start":{"line":6,"column":23},"end":{"line":6,"column":null}},"1":{"start":{"line":25,"column":17},"end":{"line":25,"column":32}},"2":{"start":{"line":26,"column":4},"end":{"line":26,"column":null}}},"fnMap":{"0":{"name":"build_args","decl":{"start":{"line":15,"column":16},"end":{"line":15,"column":27}},"loc":{"start":{"line":15,"column":107},"end":{"line":26,"column":null}},"line":15}},"branchMap":{"0":{"loc":{"start":{"line":15,"column":41},"end":{"line":15,"column":65}},"type":"default-arg","locations":[{"start":{"line":15,"column":63},"end":{"line":15,"column":65}}],"line":15},"1":{"loc":{"start":{"line":15,"column":67},"end":{"line":15,"column":105}},"type":"default-arg","locations":[{"start":{"line":15,"column":103},"end":{"line":15,"column":105}}],"line":15}},"s":{"0":2,"1":3,"2":3},"f":{"0":3},"b":{"0":[3],"1":[3]},"meta":{"lastBranch":2,"lastFunction":1,"lastStatement":3,"seen":{"s:6:23:6:Infinity":0,"f:15:16:15:27":0,"b:15:63:15:65":0,"b:15:103:15:105":1,"s:25:17:25:32":1,"s:26:4:26:Infinity":2}}}
,"/Users/josecosta/dev/swarm-cli/src/modules/Adapters/useCases/droid.ts": {"path":"/Users/josecosta/dev/swarm-cli/src/modules/Adapters/useCases/droid.ts","statementMap":{"0":{"start":{"line":6,"column":23},"end":{"line":6,"column":null}},"1":{"start":{"line":18,"column":4},"end":{"line":18,"column":null}}},"fnMap":{"0":{"name":"build_args","decl":{"start":{"line":15,"column":16},"end":{"line":15,"column":27}},"loc":{"start":{"line":15,"column":107},"end":{"line":18,"column":null}},"line":15}},"branchMap":{"0":{"loc":{"start":{"line":15,"column":41},"end":{"line":15,"column":65}},"type":"default-arg","locations":[{"start":{"line":15,"column":63},"end":{"line":15,"column":65}}],"line":15},"1":{"loc":{"start":{"line":15,"column":67},"end":{"line":15,"column":105}},"type":"default-arg","locations":[{"start":{"line":15,"column":103},"end":{"line":15,"column":105}}],"line":15}},"s":{"0":2,"1":2},"f":{"0":2},"b":{"0":[2],"1":[2]},"meta":{"lastBranch":2,"lastFunction":1,"lastStatement":2,"seen":{"s:6:23:6:Infinity":0,"f:15:16:15:27":0,"b:15:63:15:65":0,"b:15:103:15:105":1,"s:18:4:18:Infinity":1}}}
,"/Users/josecosta/dev/swarm-cli/src/modules/Adapters/useCases/gemini.ts": {"path":"/Users/josecosta/dev/swarm-cli/src/modules/Adapters/useCases/gemini.ts","statementMap":{"0":{"start":{"line":6,"column":23},"end":{"line":6,"column":null}},"1":{"start":{"line":18,"column":4},"end":{"line":18,"column":null}}},"fnMap":{"0":{"name":"build_args","decl":{"start":{"line":15,"column":16},"end":{"line":15,"column":27}},"loc":{"start":{"line":15,"column":107},"end":{"line":18,"column":null}},"line":15}},"branchMap":{"0":{"loc":{"start":{"line":15,"column":41},"end":{"line":15,"column":65}},"type":"default-arg","locations":[{"start":{"line":15,"column":63},"end":{"line":15,"column":65}}],"line":15},"1":{"loc":{"start":{"line":15,"column":67},"end":{"line":15,"column":105}},"type":"default-arg","locations":[{"start":{"line":15,"column":103},"end":{"line":15,"column":105}}],"line":15}},"s":{"0":2,"1":3},"f":{"0":3},"b":{"0":[3],"1":[3]},"meta":{"lastBranch":2,"lastFunction":1,"lastStatement":2,"seen":{"s:6:23:6:Infinity":0,"f:15:16:15:27":0,"b:15:63:15:65":0,"b:15:103:15:105":1,"s:18:4:18:Infinity":1}}}
,"/Users/josecosta/dev/swarm-cli/src/modules/Adapters/useCases/kimi.ts": {"path":"/Users/josecosta/dev/swarm-cli/src/modules/Adapters/useCases/kimi.ts","statementMap":{"0":{"start":{"line":6,"column":23},"end":{"line":6,"column":null}},"1":{"start":{"line":19,"column":4},"end":{"line":19,"column":null}}},"fnMap":{"0":{"name":"build_args","decl":{"start":{"line":15,"column":16},"end":{"line":15,"column":27}},"loc":{"start":{"line":15,"column":107},"end":{"line":19,"column":null}},"line":15}},"branchMap":{"0":{"loc":{"start":{"line":15,"column":41},"end":{"line":15,"column":65}},"type":"default-arg","locations":[{"start":{"line":15,"column":63},"end":{"line":15,"column":65}}],"line":15},"1":{"loc":{"start":{"line":15,"column":67},"end":{"line":15,"column":105}},"type":"default-arg","locations":[{"start":{"line":15,"column":103},"end":{"line":15,"column":105}}],"line":15}},"s":{"0":2,"1":2},"f":{"0":2},"b":{"0":[2],"1":[2]},"meta":{"lastBranch":2,"lastFunction":1,"lastStatement":2,"seen":{"s:6:23:6:Infinity":0,"f:15:16:15:27":0,"b:15:63:15:65":0,"b:15:103:15:105":1,"s:19:4:19:Infinity":1}}}
,"/Users/josecosta/dev/swarm-cli/src/modules/Adapters/useCases/opencode.ts": {"path":"/Users/josecosta/dev/swarm-cli/src/modules/Adapters/useCases/opencode.ts","statementMap":{"0":{"start":{"line":6,"column":23},"end":{"line":6,"column":null}},"1":{"start":{"line":16,"column":4},"end":{"line":16,"column":null}}},"fnMap":{"0":{"name":"build_args","decl":{"start":{"line":15,"column":16},"end":{"line":15,"column":27}},"loc":{"start":{"line":15,"column":107},"end":{"line":16,"column":null}},"line":15}},"branchMap":{"0":{"loc":{"start":{"line":15,"column":41},"end":{"line":15,"column":65}},"type":"default-arg","locations":[{"start":{"line":15,"column":63},"end":{"line":15,"column":65}}],"line":15},"1":{"loc":{"start":{"line":15,"column":67},"end":{"line":15,"column":105}},"type":"default-arg","locations":[{"start":{"line":15,"column":103},"end":{"line":15,"column":105}}],"line":15}},"s":{"0":2,"1":2},"f":{"0":2},"b":{"0":[2],"1":[2]},"meta":{"lastBranch":2,"lastFunction":1,"lastStatement":2,"seen":{"s:6:23:6:Infinity":0,"f:15:16:15:27":0,"b:15:63:15:65":0,"b:15:103:15:105":1,"s:16:4:16:Infinity":1}}}
,"/Users/josecosta/dev/swarm-cli/src/modules/AgentState/services/telemetry.ts": {"path":"/Users/josecosta/dev/swarm-cli/src/modules/AgentState/services/telemetry.ts","statementMap":{"0":{"start":{"line":25,"column":10},"end":{"line":25,"column":53}},"1":{"start":{"line":26,"column":4},"end":{"line":27,"column":null}},"2":{"start":{"line":27,"column":8},"end":{"line":27,"column":null}},"3":{"start":{"line":29,"column":4},"end":{"line":29,"column":null}},"4":{"start":{"line":33,"column":4},"end":{"line":33,"column":null}},"5":{"start":{"line":35,"column":4},"end":{"line":58,"column":null}},"6":{"start":{"line":64,"column":16},"end":{"line":64,"column":52}},"7":{"start":{"line":65,"column":25},"end":{"line":65,"column":null}},"8":{"start":{"line":68,"column":4},"end":{"line":71,"column":null}},"9":{"start":{"line":69,"column":8},"end":{"line":71,"column":null}},"10":{"start":{"line":70,"column":12},"end":{"line":70,"column":null}},"11":{"start":{"line":75,"column":4},"end":{"line":75,"column":null}},"12":{"start":{"line":79,"column":19},"end":{"line":79,"column":40}},"13":{"start":{"line":80,"column":19},"end":{"line":80,"column":38}},"14":{"start":{"line":81,"column":4},"end":{"line":82,"column":null}},"15":{"start":{"line":82,"column":8},"end":{"line":82,"column":null}},"16":{"start":{"line":84,"column":15},"end":{"line":84,"column":35}},"17":{"start":{"line":85,"column":4},"end":{"line":85,"column":null}},"18":{"start":{"line":86,"column":4},"end":{"line":86,"column":null}},"19":{"start":{"line":88,"column":4},"end":{"line":90,"column":null}},"20":{"start":{"line":89,"column":8},"end":{"line":89,"column":null}},"21":{"start":{"line":90,"column":8},"end":{"line":90,"column":null}},"22":{"start":{"line":92,"column":4},"end":{"line":92,"column":null}},"23":{"start":{"line":97,"column":4},"end":{"line":97,"column":null}},"24":{"start":{"line":101,"column":15},"end":{"line":101,"column":31}},"25":{"start":{"line":102,"column":17},"end":{"line":108,"column":null}},"26":{"start":{"line":109,"column":4},"end":{"line":109,"column":null}},"27":{"start":{"line":113,"column":15},"end":{"line":113,"column":31}},"28":{"start":{"line":114,"column":17},"end":{"line":117,"column":null}},"29":{"start":{"line":118,"column":4},"end":{"line":118,"column":null}},"30":{"start":{"line":122,"column":15},"end":{"line":122,"column":31}},"31":{"start":{"line":123,"column":17},"end":{"line":128,"column":null}},"32":{"start":{"line":129,"column":4},"end":{"line":129,"column":null}},"33":{"start":{"line":133,"column":15},"end":{"line":133,"column":31}},"34":{"start":{"line":134,"column":4},"end":{"line":142,"column":null}},"35":{"start":{"line":135,"column":21},"end":{"line":141,"column":null}},"36":{"start":{"line":142,"column":8},"end":{"line":142,"column":null}},"37":{"start":{"line":144,"column":17},"end":{"line":149,"column":null}},"38":{"start":{"line":150,"column":4},"end":{"line":150,"column":null}},"39":{"start":{"line":154,"column":15},"end":{"line":154,"column":31}},"40":{"start":{"line":155,"column":19},"end":{"line":155,"column":91}},"41":{"start":{"line":156,"column":17},"end":{"line":156,"column":69}},"42":{"start":{"line":157,"column":19},"end":{"line":157,"column":35}},"43":{"start":{"line":158,"column":4},"end":{"line":158,"column":null}},"44":{"start":{"line":162,"column":15},"end":{"line":162,"column":31}},"45":{"start":{"line":163,"column":19},"end":{"line":163,"column":91}},"46":{"start":{"line":164,"column":17},"end":{"line":164,"column":72}},"47":{"start":{"line":165,"column":19},"end":{"line":165,"column":35}},"48":{"start":{"line":166,"column":4},"end":{"line":166,"column":null}}},"fnMap":{"0":{"name":"get_db_path","decl":{"start":{"line":24,"column":9},"end":{"line":24,"column":21}},"loc":{"start":{"line":24,"column":47},"end":{"line":29,"column":null}},"line":24},"1":{"name":"init_schema","decl":{"start":{"line":32,"column":9},"end":{"line":32,"column":21}},"loc":{"start":{"line":32,"column":50},"end":{"line":58,"column":null}},"line":32},"2":{"name":"close_all_dbs","decl":{"start":{"line":67,"column":9},"end":{"line":67,"column":31}},"loc":{"start":{"line":67,"column":31},"end":{"line":75,"column":null}},"line":67},"3":{"name":"get_db","decl":{"start":{"line":78,"column":9},"end":{"line":78,"column":16}},"loc":{"start":{"line":78,"column":53},"end":{"line":92,"column":null}},"line":78},"4":{"name":"_reset_telemetry_for_tests","decl":{"start":{"line":96,"column":16},"end":{"line":96,"column":51}},"loc":{"start":{"line":96,"column":51},"end":{"line":97,"column":null}},"line":96},"5":{"name":"record_session","decl":{"start":{"line":100,"column":16},"end":{"line":100,"column":31}},"loc":{"start":{"line":100,"column":79},"end":{"line":109,"column":null}},"line":100},"6":{"name":"record_event","decl":{"start":{"line":112,"column":16},"end":{"line":112,"column":29}},"loc":{"start":{"line":112,"column":73},"end":{"line":118,"column":null}},"line":112},"7":{"name":"query_sessions","decl":{"start":{"line":121,"column":16},"end":{"line":121,"column":31}},"loc":{"start":{"line":121,"column":78},"end":{"line":129,"column":null}},"line":121},"8":{"name":"query_events","decl":{"start":{"line":132,"column":16},"end":{"line":132,"column":29}},"loc":{"start":{"line":132,"column":94},"end":{"line":150,"column":null}},"line":132},"9":{"name":"prune_events","decl":{"start":{"line":153,"column":16},"end":{"line":153,"column":29}},"loc":{"start":{"line":153,"column":78},"end":{"line":158,"column":null}},"line":153},"10":{"name":"prune_sessions","decl":{"start":{"line":161,"column":16},"end":{"line":161,"column":31}},"loc":{"start":{"line":161,"column":80},"end":{"line":166,"column":null}},"line":161}},"branchMap":{"0":{"loc":{"start":{"line":26,"column":4},"end":{"line":27,"column":null}},"type":"if","locations":[{"start":{"line":26,"column":4},"end":{"line":27,"column":null}},{"start":{},"end":{}}],"line":26},"1":{"loc":{"start":{"line":81,"column":4},"end":{"line":82,"column":null}},"type":"if","locations":[{"start":{"line":81,"column":4},"end":{"line":82,"column":null}},{"start":{},"end":{}}],"line":81},"2":{"loc":{"start":{"line":88,"column":4},"end":{"line":90,"column":null}},"type":"if","locations":[{"start":{"line":88,"column":4},"end":{"line":90,"column":null}},{"start":{},"end":{}}],"line":88},"3":{"loc":{"start":{"line":121,"column":49},"end":{"line":121,"column":78}},"type":"default-arg","locations":[{"start":{"line":121,"column":57},"end":{"line":121,"column":78}}],"line":121},"4":{"loc":{"start":{"line":132,"column":67},"end":{"line":132,"column":94}},"type":"default-arg","locations":[{"start":{"line":132,"column":75},"end":{"line":132,"column":94}}],"line":132},"5":{"loc":{"start":{"line":134,"column":4},"end":{"line":142,"column":null}},"type":"if","locations":[{"start":{"line":134,"column":4},"end":{"line":142,"column":null}},{"start":{},"end":{}}],"line":134}},"s":{"0":22,"1":22,"2":6,"3":22,"4":6,"5":6,"6":42,"7":42,"8":0,"9":0,"10":0,"11":0,"12":22,"13":22,"14":22,"15":16,"16":6,"17":6,"18":6,"19":6,"20":1,"21":1,"22":6,"23":0,"24":8,"25":8,"26":8,"27":4,"28":4,"29":4,"30":4,"31":4,"32":4,"33":3,"34":3,"35":1,"36":1,"37":2,"38":2,"39":1,"40":1,"41":1,"42":1,"43":1,"44":2,"45":2,"46":2,"47":2,"48":2},"f":{"0":22,"1":6,"2":0,"3":22,"4":0,"5":8,"6":4,"7":4,"8":3,"9":1,"10":2},"b":{"0":[6,16],"1":[16,6],"2":[1,5],"3":[4],"4":[3],"5":[1,2]},"meta":{"lastBranch":6,"lastFunction":11,"lastStatement":49,"seen":{"f:24:9:24:21":0,"s:25:10:25:53":0,"b:26:4:27:Infinity:undefined:undefined:undefined:undefined":0,"s:26:4:27:Infinity":1,"s:27:8:27:Infinity":2,"s:29:4:29:Infinity":3,"f:32:9:32:21":1,"s:33:4:33:Infinity":4,"s:35:4:58:Infinity":5,"s:64:16:64:52":6,"s:65:25:65:Infinity":7,"f:67:9:67:31":2,"s:68:4:71:Infinity":8,"s:69:8:71:Infinity":9,"s:70:12:70:Infinity":10,"s:75:4:75:Infinity":11,"f:78:9:78:16":3,"s:79:19:79:40":12,"s:80:19:80:38":13,"b:81:4:82:Infinity:undefined:undefined:undefined:undefined":1,"s:81:4:82:Infinity":14,"s:82:8:82:Infinity":15,"s:84:15:84:35":16,"s:85:4:85:Infinity":17,"s:86:4:86:Infinity":18,"b:88:4:90:Infinity:undefined:undefined:undefined:undefined":2,"s:88:4:90:Infinity":19,"s:89:8:89:Infinity":20,"s:90:8:90:Infinity":21,"s:92:4:92:Infinity":22,"f:96:16:96:51":4,"s:97:4:97:Infinity":23,"f:100:16:100:31":5,"s:101:15:101:31":24,"s:102:17:108:Infinity":25,"s:109:4:109:Infinity":26,"f:112:16:112:29":6,"s:113:15:113:31":27,"s:114:17:117:Infinity":28,"s:118:4:118:Infinity":29,"f:121:16:121:31":7,"b:121:57:121:78":3,"s:122:15:122:31":30,"s:123:17:128:Infinity":31,"s:129:4:129:Infinity":32,"f:132:16:132:29":8,"b:132:75:132:94":4,"s:133:15:133:31":33,"b:134:4:142:Infinity:undefined:undefined:undefined:undefined":5,"s:134:4:142:Infinity":34,"s:135:21:141:Infinity":35,"s:142:8:142:Infinity":36,"s:144:17:149:Infinity":37,"s:150:4:150:Infinity":38,"f:153:16:153:29":9,"s:154:15:154:31":39,"s:155:19:155:91":40,"s:156:17:156:69":41,"s:157:19:157:35":42,"s:158:4:158:Infinity":43,"f:161:16:161:31":10,"s:162:15:162:31":44,"s:163:19:163:91":45,"s:164:17:164:72":46,"s:165:19:165:35":47,"s:166:4:166:Infinity":48}}}
,"/Users/josecosta/dev/swarm-cli/src/modules/AgentState/useCases/locks.ts": {"path":"/Users/josecosta/dev/swarm-cli/src/modules/AgentState/useCases/locks.ts","statementMap":{"0":{"start":{"line":25,"column":23},"end":{"line":25,"column":null}},"1":{"start":{"line":26,"column":18},"end":{"line":26,"column":33}},"2":{"start":{"line":29,"column":10},"end":{"line":29,"column":29}},"3":{"start":{"line":30,"column":4},"end":{"line":31,"column":null}},"4":{"start":{"line":31,"column":8},"end":{"line":31,"column":null}},"5":{"start":{"line":33,"column":4},"end":{"line":34,"column":null}},"6":{"start":{"line":34,"column":8},"end":{"line":34,"column":null}},"7":{"start":{"line":39,"column":17},"end":{"line":39,"column":41}},"8":{"start":{"line":40,"column":4},"end":{"line":40,"column":null}},"9":{"start":{"line":41,"column":4},"end":{"line":41,"column":null}},"10":{"start":{"line":42,"column":4},"end":{"line":45,"column":null}},"11":{"start":{"line":43,"column":8},"end":{"line":43,"column":null}},"12":{"start":{"line":45,"column":8},"end":{"line":45,"column":null}},"13":{"start":{"line":50,"column":4},"end":{"line":50,"column":null}},"14":{"start":{"line":50,"column":45},"end":{"line":50,"column":null}},"15":{"start":{"line":51,"column":16},"end":{"line":51,"column":null}},"16":{"start":{"line":52,"column":4},"end":{"line":57,"column":null}},"17":{"start":{"line":62,"column":4},"end":{"line":62,"column":null}},"18":{"start":{"line":62,"column":69},"end":{"line":62,"column":null}},"19":{"start":{"line":63,"column":16},"end":{"line":63,"column":null}},"20":{"start":{"line":64,"column":4},"end":{"line":64,"column":null}},"21":{"start":{"line":64,"column":43},"end":{"line":64,"column":77}},"22":{"start":{"line":68,"column":4},"end":{"line":68,"column":null}},"23":{"start":{"line":72,"column":17},"end":{"line":72,"column":41}},"24":{"start":{"line":73,"column":4},"end":{"line":74,"column":null}},"25":{"start":{"line":74,"column":8},"end":{"line":74,"column":null}},"26":{"start":{"line":76,"column":4},"end":{"line":83,"column":null}},"27":{"start":{"line":77,"column":29},"end":{"line":77,"column":67}},"28":{"start":{"line":78,"column":8},"end":{"line":79,"column":null}},"29":{"start":{"line":79,"column":12},"end":{"line":79,"column":null}},"30":{"start":{"line":81,"column":8},"end":{"line":81,"column":null}},"31":{"start":{"line":83,"column":8},"end":{"line":83,"column":null}},"32":{"start":{"line":88,"column":17},"end":{"line":88,"column":41}},"33":{"start":{"line":89,"column":4},"end":{"line":89,"column":null}},"34":{"start":{"line":93,"column":4},"end":{"line":93,"column":null}},"35":{"start":{"line":97,"column":4},"end":{"line":127,"column":null}},"36":{"start":{"line":98,"column":22},"end":{"line":98,"column":42}},"37":{"start":{"line":100,"column":8},"end":{"line":109,"column":null}},"38":{"start":{"line":101,"column":29},"end":{"line":101,"column":null}},"39":{"start":{"line":102,"column":12},"end":{"line":109,"column":null}},"40":{"start":{"line":103,"column":16},"end":{"line":109,"column":null}},"41":{"start":{"line":113,"column":20},"end":{"line":113,"column":30}},"42":{"start":{"line":114,"column":26},"end":{"line":114,"column":70}},"43":{"start":{"line":116,"column":8},"end":{"line":122,"column":null}},"44":{"start":{"line":117,"column":12},"end":{"line":122,"column":null}},"45":{"start":{"line":125,"column":8},"end":{"line":125,"column":null}},"46":{"start":{"line":126,"column":8},"end":{"line":126,"column":null}},"47":{"start":{"line":131,"column":4},"end":{"line":142,"column":null}},"48":{"start":{"line":132,"column":22},"end":{"line":132,"column":42}},"49":{"start":{"line":133,"column":25},"end":{"line":133,"column":null}},"50":{"start":{"line":134,"column":8},"end":{"line":135,"column":null}},"51":{"start":{"line":135,"column":12},"end":{"line":135,"column":null}},"52":{"start":{"line":138,"column":46},"end":{"line":138,"column":null}},"53":{"start":{"line":139,"column":8},"end":{"line":139,"column":null}},"54":{"start":{"line":140,"column":8},"end":{"line":140,"column":null}},"55":{"start":{"line":141,"column":8},"end":{"line":141,"column":null}},"56":{"start":{"line":146,"column":4},"end":{"line":149,"column":null}},"57":{"start":{"line":147,"column":22},"end":{"line":147,"column":42}},"58":{"start":{"line":148,"column":8},"end":{"line":148,"column":null}},"59":{"start":{"line":148,"column":71},"end":{"line":148,"column":110}}},"fnMap":{"0":{"name":"ensure_locks_file","decl":{"start":{"line":28,"column":9},"end":{"line":28,"column":27}},"loc":{"start":{"line":28,"column":47},"end":{"line":34,"column":null}},"line":28},"1":{"name":"with_locks_mutex","decl":{"start":{"line":38,"column":9},"end":{"line":38,"column":29}},"loc":{"start":{"line":38,"column":63},"end":{"line":45,"column":null}},"line":38},"2":{"name":"is_file_lock","decl":{"start":{"line":49,"column":9},"end":{"line":49,"column":22}},"loc":{"start":{"line":49,"column":57},"end":{"line":57,"column":null}},"line":49},"3":{"name":"is_locks_record","decl":{"start":{"line":61,"column":9},"end":{"line":61,"column":25}},"loc":{"start":{"line":61,"column":85},"end":{"line":64,"column":null}},"line":61},"4":{"name":"(anonymous_4)","decl":{"start":{"line":64,"column":30},"end":{"line":64,"column":37}},"loc":{"start":{"line":64,"column":43},"end":{"line":64,"column":77}},"line":64},"5":{"name":"get_locks_path","decl":{"start":{"line":67,"column":9},"end":{"line":67,"column":24}},"loc":{"start":{"line":67,"column":50},"end":{"line":68,"column":null}},"line":67},"6":{"name":"read_locks","decl":{"start":{"line":71,"column":9},"end":{"line":71,"column":20}},"loc":{"start":{"line":71,"column":73},"end":{"line":83,"column":null}},"line":71},"7":{"name":"write_locks","decl":{"start":{"line":87,"column":9},"end":{"line":87,"column":21}},"loc":{"start":{"line":87,"column":87},"end":{"line":89,"column":null}},"line":87},"8":{"name":"is_expired","decl":{"start":{"line":92,"column":9},"end":{"line":92,"column":20}},"loc":{"start":{"line":92,"column":45},"end":{"line":93,"column":null}},"line":92},"9":{"name":"claim_lock","decl":{"start":{"line":96,"column":16},"end":{"line":96,"column":27}},"loc":{"start":{"line":96,"column":98},"end":{"line":127,"column":null}},"line":96},"10":{"name":"(anonymous_10)","decl":{"start":{"line":97,"column":28},"end":{"line":97,"column":61}},"loc":{"start":{"line":97,"column":61},"end":{"line":127,"column":null}},"line":97},"11":{"name":"release_lock","decl":{"start":{"line":130,"column":16},"end":{"line":130,"column":29}},"loc":{"start":{"line":130,"column":80},"end":{"line":142,"column":null}},"line":130},"12":{"name":"(anonymous_12)","decl":{"start":{"line":131,"column":28},"end":{"line":131,"column":63}},"loc":{"start":{"line":131,"column":63},"end":{"line":142,"column":null}},"line":131},"13":{"name":"list_locks","decl":{"start":{"line":145,"column":16},"end":{"line":145,"column":27}},"loc":{"start":{"line":145,"column":57},"end":{"line":149,"column":null}},"line":145},"14":{"name":"(anonymous_14)","decl":{"start":{"line":146,"column":28},"end":{"line":146,"column":44}},"loc":{"start":{"line":146,"column":44},"end":{"line":149,"column":null}},"line":146},"15":{"name":"(anonymous_15)","decl":{"start":{"line":148,"column":36},"end":{"line":148,"column":44}},"loc":{"start":{"line":148,"column":71},"end":{"line":148,"column":110}},"line":148}},"branchMap":{"0":{"loc":{"start":{"line":30,"column":4},"end":{"line":31,"column":null}},"type":"if","locations":[{"start":{"line":30,"column":4},"end":{"line":31,"column":null}},{"start":{},"end":{}}],"line":30},"1":{"loc":{"start":{"line":33,"column":4},"end":{"line":34,"column":null}},"type":"if","locations":[{"start":{"line":33,"column":4},"end":{"line":34,"column":null}},{"start":{},"end":{}}],"line":33},"2":{"loc":{"start":{"line":50,"column":4},"end":{"line":50,"column":null}},"type":"if","locations":[{"start":{"line":50,"column":4},"end":{"line":50,"column":null}},{"start":{},"end":{}}],"line":50},"3":{"loc":{"start":{"line":50,"column":8},"end":{"line":50,"column":45}},"type":"binary-expr","locations":[{"start":{"line":50,"column":8},"end":{"line":50,"column":18}},{"start":{"line":50,"column":18},"end":{"line":50,"column":45}}],"line":50},"4":{"loc":{"start":{"line":53,"column":8},"end":{"line":57,"column":null}},"type":"binary-expr","locations":[{"start":{"line":53,"column":8},"end":{"line":53,"column":null}},{"start":{"line":54,"column":8},"end":{"line":54,"column":32}},{"start":{"line":55,"column":8},"end":{"line":55,"column":62}},{"start":{"line":56,"column":8},"end":{"line":56,"column":null}},{"start":{"line":57,"column":8},"end":{"line":57,"column":null}}],"line":53},"5":{"loc":{"start":{"line":62,"column":4},"end":{"line":62,"column":null}},"type":"if","locations":[{"start":{"line":62,"column":4},"end":{"line":62,"column":null}},{"start":{},"end":{}}],"line":62},"6":{"loc":{"start":{"line":62,"column":8},"end":{"line":62,"column":67}},"type":"binary-expr","locations":[{"start":{"line":62,"column":8},"end":{"line":62,"column":18}},{"start":{"line":62,"column":18},"end":{"line":62,"column":47}},{"start":{"line":62,"column":47},"end":{"line":62,"column":67}}],"line":62},"7":{"loc":{"start":{"line":64,"column":43},"end":{"line":64,"column":77}},"type":"binary-expr","locations":[{"start":{"line":64,"column":43},"end":{"line":64,"column":62}},{"start":{"line":64,"column":62},"end":{"line":64,"column":77}}],"line":64},"8":{"loc":{"start":{"line":73,"column":4},"end":{"line":74,"column":null}},"type":"if","locations":[{"start":{"line":73,"column":4},"end":{"line":74,"column":null}},{"start":{},"end":{}}],"line":73},"9":{"loc":{"start":{"line":78,"column":8},"end":{"line":79,"column":null}},"type":"if","locations":[{"start":{"line":78,"column":8},"end":{"line":79,"column":null}},{"start":{},"end":{}}],"line":78},"10":{"loc":{"start":{"line":102,"column":12},"end":{"line":109,"column":null}},"type":"if","locations":[{"start":{"line":102,"column":12},"end":{"line":109,"column":null}},{"start":{},"end":{}}],"line":102},"11":{"loc":{"start":{"line":102,"column":16},"end":{"line":102,"column":102}},"type":"binary-expr","locations":[{"start":{"line":102,"column":16},"end":{"line":102,"column":42}},{"start":{"line":102,"column":42},"end":{"line":102,"column":63}},{"start":{"line":102,"column":67},"end":{"line":102,"column":102}}],"line":102},"12":{"loc":{"start":{"line":134,"column":8},"end":{"line":135,"column":null}},"type":"if","locations":[{"start":{"line":134,"column":8},"end":{"line":135,"column":null}},{"start":{},"end":{}}],"line":134},"13":{"loc":{"start":{"line":148,"column":71},"end":{"line":148,"column":110}},"type":"binary-expr","locations":[{"start":{"line":148,"column":71},"end":{"line":148,"column":93}},{"start":{"line":148,"column":93},"end":{"line":148,"column":110}}],"line":148}},"s":{"0":42,"1":42,"2":11,"3":11,"4":0,"5":11,"6":6,"7":11,"8":11,"9":11,"10":11,"11":11,"12":11,"13":5,"14":0,"15":5,"16":5,"17":11,"18":0,"19":11,"20":11,"21":5,"22":29,"23":11,"24":11,"25":0,"26":11,"27":11,"28":11,"29":11,"30":0,"31":0,"32":7,"33":7,"34":4,"35":7,"36":7,"37":7,"38":8,"39":8,"40":1,"41":6,"42":6,"43":6,"44":7,"45":6,"46":6,"47":2,"48":2,"49":2,"50":2,"51":1,"52":1,"53":1,"54":1,"55":1,"56":2,"57":2,"58":2,"59":2},"f":{"0":11,"1":11,"2":5,"3":11,"4":5,"5":29,"6":11,"7":7,"8":4,"9":7,"10":7,"11":2,"12":2,"13":2,"14":2,"15":2},"b":{"0":[0,11],"1":[6,5],"2":[0,5],"3":[5,5],"4":[5,5,5,5,5],"5":[0,11],"6":[11,11,11],"7":[5,5],"8":[0,11],"9":[11,0],"10":[1,7],"11":[8,2,2],"12":[1,1],"13":[2,2]},"meta":{"lastBranch":14,"lastFunction":16,"lastStatement":60,"seen":{"s:25:23:25:Infinity":0,"s:26:18:26:33":1,"f:28:9:28:27":0,"s:29:10:29:29":2,"b:30:4:31:Infinity:undefined:undefined:undefined:undefined":0,"s:30:4:31:Infinity":3,"s:31:8:31:Infinity":4,"b:33:4:34:Infinity:undefined:undefined:undefined:undefined":1,"s:33:4:34:Infinity":5,"s:34:8:34:Infinity":6,"f:38:9:38:29":1,"s:39:17:39:41":7,"s:40:4:40:Infinity":8,"s:41:4:41:Infinity":9,"s:42:4:45:Infinity":10,"s:43:8:43:Infinity":11,"s:45:8:45:Infinity":12,"f:49:9:49:22":2,"b:50:4:50:Infinity:undefined:undefined:undefined:undefined":2,"s:50:4:50:Infinity":13,"b:50:8:50:18:50:18:50:45":3,"s:50:45:50:Infinity":14,"s:51:16:51:Infinity":15,"s:52:4:57:Infinity":16,"b:53:8:53:Infinity:54:8:54:32:55:8:55:62:56:8:56:Infinity:57:8:57:Infinity":4,"f:61:9:61:25":3,"b:62:4:62:Infinity:undefined:undefined:undefined:undefined":5,"s:62:4:62:Infinity":17,"b:62:8:62:18:62:18:62:47:62:47:62:67":6,"s:62:69:62:Infinity":18,"s:63:16:63:Infinity":19,"s:64:4:64:Infinity":20,"f:64:30:64:37":4,"s:64:43:64:77":21,"b:64:43:64:62:64:62:64:77":7,"f:67:9:67:24":5,"s:68:4:68:Infinity":22,"f:71:9:71:20":6,"s:72:17:72:41":23,"b:73:4:74:Infinity:undefined:undefined:undefined:undefined":8,"s:73:4:74:Infinity":24,"s:74:8:74:Infinity":25,"s:76:4:83:Infinity":26,"s:77:29:77:67":27,"b:78:8:79:Infinity:undefined:undefined:undefined:undefined":9,"s:78:8:79:Infinity":28,"s:79:12:79:Infinity":29,"s:81:8:81:Infinity":30,"s:83:8:83:Infinity":31,"f:87:9:87:21":7,"s:88:17:88:41":32,"s:89:4:89:Infinity":33,"f:92:9:92:20":8,"s:93:4:93:Infinity":34,"f:96:16:96:27":9,"s:97:4:127:Infinity":35,"f:97:28:97:61":10,"s:98:22:98:42":36,"s:100:8:109:Infinity":37,"s:101:29:101:Infinity":38,"b:102:12:109:Infinity:undefined:undefined:undefined:undefined":10,"s:102:12:109:Infinity":39,"b:102:16:102:42:102:42:102:63:102:67:102:102":11,"s:103:16:109:Infinity":40,"s:113:20:113:30":41,"s:114:26:114:70":42,"s:116:8:122:Infinity":43,"s:117:12:122:Infinity":44,"s:125:8:125:Infinity":45,"s:126:8:126:Infinity":46,"f:130:16:130:29":11,"s:131:4:142:Infinity":47,"f:131:28:131:63":12,"s:132:22:132:42":48,"s:133:25:133:Infinity":49,"b:134:8:135:Infinity:undefined:undefined:undefined:undefined":12,"s:134:8:135:Infinity":50,"s:135:12:135:Infinity":51,"s:138:46:138:Infinity":52,"s:139:8:139:Infinity":53,"s:140:8:140:Infinity":54,"s:141:8:141:Infinity":55,"f:145:16:145:27":13,"s:146:4:149:Infinity":56,"f:146:28:146:44":14,"s:147:22:147:42":57,"s:148:8:148:Infinity":58,"f:148:36:148:44":15,"s:148:71:148:110":59,"b:148:71:148:93:148:93:148:110":13}}}
,"/Users/josecosta/dev/swarm-cli/src/modules/AgentState/useCases/persistEvent.ts": {"path":"/Users/josecosta/dev/swarm-cli/src/modules/AgentState/useCases/persistEvent.ts","statementMap":{"0":{"start":{"line":11,"column":10},"end":{"line":11,"column":53}},"1":{"start":{"line":12,"column":4},"end":{"line":13,"column":null}},"2":{"start":{"line":13,"column":8},"end":{"line":13,"column":null}},"3":{"start":{"line":15,"column":4},"end":{"line":15,"column":null}},"4":{"start":{"line":28,"column":4},"end":{"line":36,"column":null}},"5":{"start":{"line":29,"column":21},"end":{"line":29,"column":49}},"6":{"start":{"line":30,"column":38},"end":{"line":34,"column":null}},"7":{"start":{"line":35,"column":8},"end":{"line":35,"column":null}},"8":{"start":{"line":46,"column":17},"end":{"line":46,"column":45}},"9":{"start":{"line":47,"column":4},"end":{"line":48,"column":null}},"10":{"start":{"line":48,"column":8},"end":{"line":48,"column":null}},"11":{"start":{"line":50,"column":10},"end":{"line":50,"column":72}},"12":{"start":{"line":51,"column":18},"end":{"line":51,"column":null}},"13":{"start":{"line":52,"column":37},"end":{"line":52,"column":39}},"14":{"start":{"line":53,"column":4},"end":{"line":65,"column":null}},"15":{"start":{"line":54,"column":8},"end":{"line":65,"column":null}},"16":{"start":{"line":55,"column":36},"end":{"line":55,"column":52}},"17":{"start":{"line":56,"column":12},"end":{"line":63,"column":null}},"18":{"start":{"line":63,"column":16},"end":{"line":63,"column":null}},"19":{"start":{"line":69,"column":4},"end":{"line":69,"column":null}}},"fnMap":{"0":{"name":"get_event_log_path","decl":{"start":{"line":10,"column":9},"end":{"line":10,"column":28}},"loc":{"start":{"line":10,"column":54},"end":{"line":15,"column":null}},"line":10},"1":{"name":"persist_event","decl":{"start":{"line":27,"column":16},"end":{"line":27,"column":30}},"loc":{"start":{"line":27,"column":107},"end":{"line":36,"column":null}},"line":27},"2":{"name":"read_events","decl":{"start":{"line":45,"column":16},"end":{"line":45,"column":28}},"loc":{"start":{"line":45,"column":76},"end":{"line":69,"column":null}},"line":45}},"branchMap":{"0":{"loc":{"start":{"line":12,"column":4},"end":{"line":13,"column":null}},"type":"if","locations":[{"start":{"line":12,"column":4},"end":{"line":13,"column":null}},{"start":{},"end":{}}],"line":12},"1":{"loc":{"start":{"line":45,"column":46},"end":{"line":45,"column":76}},"type":"default-arg","locations":[{"start":{"line":45,"column":54},"end":{"line":45,"column":76}}],"line":45},"2":{"loc":{"start":{"line":47,"column":4},"end":{"line":48,"column":null}},"type":"if","locations":[{"start":{"line":47,"column":4},"end":{"line":48,"column":null}},{"start":{},"end":{}}],"line":47},"3":{"loc":{"start":{"line":51,"column":18},"end":{"line":51,"column":null}},"type":"cond-expr","locations":[{"start":{"line":51,"column":54},"end":{"line":51,"column":73}},{"start":{"line":51,"column":76},"end":{"line":51,"column":null}}],"line":51},"4":{"loc":{"start":{"line":51,"column":18},"end":{"line":51,"column":54}},"type":"binary-expr","locations":[{"start":{"line":51,"column":18},"end":{"line":51,"column":31}},{"start":{"line":51,"column":31},"end":{"line":51,"column":54}}],"line":51},"5":{"loc":{"start":{"line":56,"column":12},"end":{"line":63,"column":null}},"type":"if","locations":[{"start":{"line":56,"column":12},"end":{"line":63,"column":null}},{"start":{},"end":{}}],"line":56},"6":{"loc":{"start":{"line":57,"column":16},"end":{"line":61,"column":null}},"type":"binary-expr","locations":[{"start":{"line":57,"column":16},"end":{"line":57,"column":null}},{"start":{"line":58,"column":16},"end":{"line":58,"column":null}},{"start":{"line":59,"column":16},"end":{"line":59,"column":null}},{"start":{"line":60,"column":16},"end":{"line":60,"column":null}},{"start":{"line":61,"column":16},"end":{"line":61,"column":null}}],"line":57}},"s":{"0":19,"1":19,"2":7,"3":18,"4":14,"5":14,"6":14,"7":14,"8":5,"9":5,"10":1,"11":4,"12":4,"13":5,"14":5,"15":10,"16":10,"17":10,"18":9,"19":4},"f":{"0":19,"1":14,"2":5},"b":{"0":[7,12],"1":[5],"2":[1,4],"3":[1,3],"4":[4,3],"5":[9,1],"6":[10,9,9,9,9]},"meta":{"lastBranch":7,"lastFunction":3,"lastStatement":20,"seen":{"f:10:9:10:28":0,"s:11:10:11:53":0,"b:12:4:13:Infinity:undefined:undefined:undefined:undefined":0,"s:12:4:13:Infinity":1,"s:13:8:13:Infinity":2,"s:15:4:15:Infinity":3,"f:27:16:27:30":1,"s:28:4:36:Infinity":4,"s:29:21:29:49":5,"s:30:38:34:Infinity":6,"s:35:8:35:Infinity":7,"f:45:16:45:28":2,"b:45:54:45:76":1,"s:46:17:46:45":8,"b:47:4:48:Infinity:undefined:undefined:undefined:undefined":2,"s:47:4:48:Infinity":9,"s:48:8:48:Infinity":10,"s:50:10:50:72":11,"s:51:18:51:Infinity":12,"b:51:54:51:73:51:76:51:Infinity":3,"b:51:18:51:31:51:31:51:54":4,"s:52:37:52:39":13,"s:53:4:65:Infinity":14,"s:54:8:65:Infinity":15,"s:55:36:55:52":16,"b:56:12:63:Infinity:undefined:undefined:undefined:undefined":5,"s:56:12:63:Infinity":17,"b:57:16:57:Infinity:58:16:58:Infinity:59:16:59:Infinity:60:16:60:Infinity:61:16:61:Infinity":6,"s:63:16:63:Infinity":18,"s:69:4:69:Infinity":19}}}
,"/Users/josecosta/dev/swarm-cli/src/modules/AgentState/useCases/state.ts": {"path":"/Users/josecosta/dev/swarm-cli/src/modules/AgentState/useCases/state.ts","statementMap":{"0":{"start":{"line":17,"column":4},"end":{"line":18,"column":null}},"1":{"start":{"line":18,"column":8},"end":{"line":18,"column":null}},"2":{"start":{"line":20,"column":16},"end":{"line":20,"column":null}},"3":{"start":{"line":21,"column":22},"end":{"line":21,"column":null}},"4":{"start":{"line":22,"column":4},"end":{"line":22,"column":null}},"5":{"start":{"line":22,"column":43},"end":{"line":22,"column":66}},"6":{"start":{"line":26,"column":4},"end":{"line":27,"column":null}},"7":{"start":{"line":27,"column":8},"end":{"line":27,"column":null}},"8":{"start":{"line":29,"column":47},"end":{"line":29,"column":49}},"9":{"start":{"line":30,"column":4},"end":{"line":32,"column":null}},"10":{"start":{"line":31,"column":8},"end":{"line":32,"column":null}},"11":{"start":{"line":32,"column":12},"end":{"line":32,"column":null}},"12":{"start":{"line":35,"column":4},"end":{"line":35,"column":null}},"13":{"start":{"line":43,"column":10},"end":{"line":43,"column":47}},"14":{"start":{"line":44,"column":4},"end":{"line":45,"column":null}},"15":{"start":{"line":45,"column":8},"end":{"line":45,"column":null}},"16":{"start":{"line":47,"column":10},"end":{"line":47,"column":51}},"17":{"start":{"line":48,"column":4},"end":{"line":49,"column":null}},"18":{"start":{"line":49,"column":8},"end":{"line":49,"column":null}},"19":{"start":{"line":51,"column":4},"end":{"line":51,"column":null}},"20":{"start":{"line":59,"column":4},"end":{"line":60,"column":null}},"21":{"start":{"line":60,"column":8},"end":{"line":60,"column":null}},"22":{"start":{"line":62,"column":4},"end":{"line":66,"column":null}},"23":{"start":{"line":63,"column":23},"end":{"line":63,"column":66}},"24":{"start":{"line":64,"column":8},"end":{"line":64,"column":null}},"25":{"start":{"line":66,"column":8},"end":{"line":66,"column":null}},"26":{"start":{"line":74,"column":22},"end":{"line":74,"column":51}},"27":{"start":{"line":76,"column":4},"end":{"line":76,"column":null}},"28":{"start":{"line":77,"column":4},"end":{"line":80,"column":null}},"29":{"start":{"line":78,"column":8},"end":{"line":78,"column":null}},"30":{"start":{"line":80,"column":8},"end":{"line":80,"column":null}},"31":{"start":{"line":89,"column":22},"end":{"line":89,"column":51}},"32":{"start":{"line":90,"column":4},"end":{"line":90,"column":null}},"33":{"start":{"line":91,"column":4},"end":{"line":102,"column":null}},"34":{"start":{"line":92,"column":29},"end":{"line":92,"column":59}},"35":{"start":{"line":93,"column":8},"end":{"line":97,"column":null}},"36":{"start":{"line":98,"column":25},"end":{"line":98,"column":null}},"37":{"start":{"line":99,"column":8},"end":{"line":99,"column":null}},"38":{"start":{"line":100,"column":8},"end":{"line":100,"column":null}},"39":{"start":{"line":102,"column":8},"end":{"line":102,"column":null}},"40":{"start":{"line":110,"column":22},"end":{"line":110,"column":51}},"41":{"start":{"line":111,"column":4},"end":{"line":111,"column":null}},"42":{"start":{"line":112,"column":4},"end":{"line":122,"column":null}},"43":{"start":{"line":113,"column":29},"end":{"line":113,"column":59}},"44":{"start":{"line":114,"column":8},"end":{"line":119,"column":null}},"45":{"start":{"line":115,"column":50},"end":{"line":115,"column":null}},"46":{"start":{"line":116,"column":12},"end":{"line":116,"column":null}},"47":{"start":{"line":117,"column":29},"end":{"line":117,"column":null}},"48":{"start":{"line":118,"column":12},"end":{"line":118,"column":null}},"49":{"start":{"line":119,"column":12},"end":{"line":119,"column":null}},"50":{"start":{"line":122,"column":8},"end":{"line":122,"column":null}},"51":{"start":{"line":130,"column":4},"end":{"line":131,"column":null}},"52":{"start":{"line":131,"column":8},"end":{"line":131,"column":null}},"53":{"start":{"line":133,"column":4},"end":{"line":138,"column":null}},"54":{"start":{"line":135,"column":8},"end":{"line":135,"column":null}},"55":{"start":{"line":136,"column":8},"end":{"line":136,"column":null}},"56":{"start":{"line":138,"column":8},"end":{"line":138,"column":null}}},"fnMap":{"0":{"name":"is_agent_state","decl":{"start":{"line":16,"column":16},"end":{"line":16,"column":31}},"loc":{"start":{"line":16,"column":68},"end":{"line":22,"column":null}},"line":16},"1":{"name":"(anonymous_1)","decl":{"start":{"line":22,"column":28},"end":{"line":22,"column":35}},"loc":{"start":{"line":22,"column":43},"end":{"line":22,"column":66}},"line":22},"2":{"name":"validate_state","decl":{"start":{"line":25,"column":16},"end":{"line":25,"column":31}},"loc":{"start":{"line":25,"column":74},"end":{"line":35,"column":null}},"line":25},"3":{"name":"get_state_file_path","decl":{"start":{"line":42,"column":9},"end":{"line":42,"column":29}},"loc":{"start":{"line":42,"column":47},"end":{"line":51,"column":null}},"line":42},"4":{"name":"read_state_unlocked","decl":{"start":{"line":58,"column":9},"end":{"line":58,"column":29}},"loc":{"start":{"line":58,"column":88},"end":{"line":66,"column":null}},"line":58},"5":{"name":"read_state","decl":{"start":{"line":73,"column":16},"end":{"line":73,"column":27}},"loc":{"start":{"line":73,"column":85},"end":{"line":80,"column":null}},"line":73},"6":{"name":"write_state","decl":{"start":{"line":88,"column":16},"end":{"line":88,"column":28}},"loc":{"start":{"line":88,"column":78},"end":{"line":102,"column":null}},"line":88},"7":{"name":"remove_state","decl":{"start":{"line":109,"column":16},"end":{"line":109,"column":29}},"loc":{"start":{"line":109,"column":61},"end":{"line":122,"column":null}},"line":109},"8":{"name":"is_process_running","decl":{"start":{"line":129,"column":16},"end":{"line":129,"column":35}},"loc":{"start":{"line":129,"column":67},"end":{"line":138,"column":null}},"line":129}},"branchMap":{"0":{"loc":{"start":{"line":17,"column":4},"end":{"line":18,"column":null}},"type":"if","locations":[{"start":{"line":17,"column":4},"end":{"line":18,"column":null}},{"start":{},"end":{}}],"line":17},"1":{"loc":{"start":{"line":17,"column":8},"end":{"line":17,"column":53}},"type":"binary-expr","locations":[{"start":{"line":17,"column":8},"end":{"line":17,"column":37}},{"start":{"line":17,"column":37},"end":{"line":17,"column":53}}],"line":17},"2":{"loc":{"start":{"line":26,"column":4},"end":{"line":27,"column":null}},"type":"if","locations":[{"start":{"line":26,"column":4},"end":{"line":27,"column":null}},{"start":{},"end":{}}],"line":26},"3":{"loc":{"start":{"line":26,"column":8},"end":{"line":26,"column":51}},"type":"binary-expr","locations":[{"start":{"line":26,"column":8},"end":{"line":26,"column":36}},{"start":{"line":26,"column":36},"end":{"line":26,"column":51}}],"line":26},"4":{"loc":{"start":{"line":31,"column":8},"end":{"line":32,"column":null}},"type":"if","locations":[{"start":{"line":31,"column":8},"end":{"line":32,"column":null}},{"start":{},"end":{}}],"line":31},"5":{"loc":{"start":{"line":44,"column":4},"end":{"line":45,"column":null}},"type":"if","locations":[{"start":{"line":44,"column":4},"end":{"line":45,"column":null}},{"start":{},"end":{}}],"line":44},"6":{"loc":{"start":{"line":48,"column":4},"end":{"line":49,"column":null}},"type":"if","locations":[{"start":{"line":48,"column":4},"end":{"line":49,"column":null}},{"start":{},"end":{}}],"line":48},"7":{"loc":{"start":{"line":59,"column":4},"end":{"line":60,"column":null}},"type":"if","locations":[{"start":{"line":59,"column":4},"end":{"line":60,"column":null}},{"start":{},"end":{}}],"line":59},"8":{"loc":{"start":{"line":94,"column":16},"end":{"line":94,"column":40}},"type":"binary-expr","locations":[{"start":{"line":94,"column":16},"end":{"line":94,"column":38}},{"start":{"line":94,"column":38},"end":{"line":94,"column":40}}],"line":94},"9":{"loc":{"start":{"line":114,"column":8},"end":{"line":119,"column":null}},"type":"if","locations":[{"start":{"line":114,"column":8},"end":{"line":119,"column":null}},{"start":{},"end":{}}],"line":114},"10":{"loc":{"start":{"line":130,"column":4},"end":{"line":131,"column":null}},"type":"if","locations":[{"start":{"line":130,"column":4},"end":{"line":131,"column":null}},{"start":{},"end":{}}],"line":130}},"s":{"0":20,"1":3,"2":17,"3":17,"4":17,"5":43,"6":18,"7":3,"8":15,"9":15,"10":14,"11":13,"12":15,"13":14,"14":14,"15":1,"16":14,"17":14,"18":1,"19":14,"20":14,"21":0,"22":14,"23":14,"24":14,"25":0,"26":5,"27":5,"28":5,"29":5,"30":5,"31":7,"32":7,"33":7,"34":7,"35":7,"36":7,"37":7,"38":7,"39":7,"40":2,"41":2,"42":2,"43":2,"44":2,"45":1,"46":1,"47":1,"48":1,"49":1,"50":2,"51":5,"52":3,"53":2,"54":2,"55":2,"56":1},"f":{"0":20,"1":43,"2":18,"3":14,"4":14,"5":5,"6":7,"7":2,"8":5},"b":{"0":[3,17],"1":[20,18],"2":[3,15],"3":[18,16],"4":[13,1],"5":[1,13],"6":[1,13],"7":[0,14],"8":[7,6],"9":[1,1],"10":[3,2]},"meta":{"lastBranch":11,"lastFunction":9,"lastStatement":57,"seen":{"f:16:16:16:31":0,"b:17:4:18:Infinity:undefined:undefined:undefined:undefined":0,"s:17:4:18:Infinity":0,"b:17:8:17:37:17:37:17:53":1,"s:18:8:18:Infinity":1,"s:20:16:20:Infinity":2,"s:21:22:21:Infinity":3,"s:22:4:22:Infinity":4,"f:22:28:22:35":1,"s:22:43:22:66":5,"f:25:16:25:31":2,"b:26:4:27:Infinity:undefined:undefined:undefined:undefined":2,"s:26:4:27:Infinity":6,"b:26:8:26:36:26:36:26:51":3,"s:27:8:27:Infinity":7,"s:29:47:29:49":8,"s:30:4:32:Infinity":9,"b:31:8:32:Infinity:undefined:undefined:undefined:undefined":4,"s:31:8:32:Infinity":10,"s:32:12:32:Infinity":11,"s:35:4:35:Infinity":12,"f:42:9:42:29":3,"s:43:10:43:47":13,"b:44:4:45:Infinity:undefined:undefined:undefined:undefined":5,"s:44:4:45:Infinity":14,"s:45:8:45:Infinity":15,"s:47:10:47:51":16,"b:48:4:49:Infinity:undefined:undefined:undefined:undefined":6,"s:48:4:49:Infinity":17,"s:49:8:49:Infinity":18,"s:51:4:51:Infinity":19,"f:58:9:58:29":4,"b:59:4:60:Infinity:undefined:undefined:undefined:undefined":7,"s:59:4:60:Infinity":20,"s:60:8:60:Infinity":21,"s:62:4:66:Infinity":22,"s:63:23:63:66":23,"s:64:8:64:Infinity":24,"s:66:8:66:Infinity":25,"f:73:16:73:27":5,"s:74:22:74:51":26,"s:76:4:76:Infinity":27,"s:77:4:80:Infinity":28,"s:78:8:78:Infinity":29,"s:80:8:80:Infinity":30,"f:88:16:88:28":6,"s:89:22:89:51":31,"s:90:4:90:Infinity":32,"s:91:4:102:Infinity":33,"s:92:29:92:59":34,"s:93:8:97:Infinity":35,"b:94:16:94:38:94:38:94:40":8,"s:98:25:98:Infinity":36,"s:99:8:99:Infinity":37,"s:100:8:100:Infinity":38,"s:102:8:102:Infinity":39,"f:109:16:109:29":7,"s:110:22:110:51":40,"s:111:4:111:Infinity":41,"s:112:4:122:Infinity":42,"s:113:29:113:59":43,"b:114:8:119:Infinity:undefined:undefined:undefined:undefined":9,"s:114:8:119:Infinity":44,"s:115:50:115:Infinity":45,"s:116:12:116:Infinity":46,"s:117:29:117:Infinity":47,"s:118:12:118:Infinity":48,"s:119:12:119:Infinity":49,"s:122:8:122:Infinity":50,"f:129:16:129:35":8,"b:130:4:131:Infinity:undefined:undefined:undefined:undefined":10,"s:130:4:131:Infinity":51,"s:131:8:131:Infinity":52,"s:133:4:138:Infinity":53,"s:135:8:135:Infinity":54,"s:136:8:136:Infinity":55,"s:138:8:138:Infinity":56}}}
,"/Users/josecosta/dev/swarm-cli/src/modules/Commands/services/registry.ts": {"path":"/Users/josecosta/dev/swarm-cli/src/modules/Commands/services/registry.ts","statementMap":{"0":{"start":{"line":9,"column":17},"end":{"line":9,"column":46}},"1":{"start":{"line":12,"column":4},"end":{"line":13,"column":null}},"2":{"start":{"line":13,"column":8},"end":{"line":13,"column":null}},"3":{"start":{"line":15,"column":4},"end":{"line":15,"column":null}},"4":{"start":{"line":19,"column":4},"end":{"line":19,"column":null}},"5":{"start":{"line":23,"column":4},"end":{"line":27,"column":null}},"6":{"start":{"line":24,"column":9},"end":{"line":25,"column":null}},"7":{"start":{"line":25,"column":30},"end":{"line":25,"column":null}},"8":{"start":{"line":31,"column":4},"end":{"line":31,"column":null}}},"fnMap":{"0":{"name":"register_capability","decl":{"start":{"line":11,"column":16},"end":{"line":11,"column":36}},"loc":{"start":{"line":11,"column":66},"end":{"line":15,"column":null}},"line":11},"1":{"name":"get_capability","decl":{"start":{"line":18,"column":16},"end":{"line":18,"column":31}},"loc":{"start":{"line":18,"column":69},"end":{"line":19,"column":null}},"line":18},"2":{"name":"find_capabilities","decl":{"start":{"line":22,"column":16},"end":{"line":22,"column":34}},"loc":{"start":{"line":22,"column":77},"end":{"line":27,"column":null}},"line":22},"3":{"name":"(anonymous_3)","decl":{"start":{"line":23,"column":34},"end":{"line":23,"column":42}},"loc":{"start":{"line":24,"column":9},"end":{"line":25,"column":null}},"line":24},"4":{"name":"(anonymous_4)","decl":{"start":{"line":24,"column":67},"end":{"line":24,"column":null}},"loc":{"start":{"line":25,"column":30},"end":{"line":25,"column":null}},"line":25},"5":{"name":"list_capabilities","decl":{"start":{"line":30,"column":16},"end":{"line":30,"column":50}},"loc":{"start":{"line":30,"column":50},"end":{"line":31,"column":null}},"line":30}},"branchMap":{"0":{"loc":{"start":{"line":12,"column":4},"end":{"line":13,"column":null}},"type":"if","locations":[{"start":{"line":12,"column":4},"end":{"line":13,"column":null}},{"start":{},"end":{}}],"line":12},"1":{"loc":{"start":{"line":25,"column":30},"end":{"line":25,"column":null}},"type":"binary-expr","locations":[{"start":{"line":25,"column":30},"end":{"line":25,"column":53}},{"start":{"line":25,"column":53},"end":{"line":25,"column":null}}],"line":25}},"s":{"0":1,"1":7,"2":1,"3":6,"4":2,"5":2,"6":12,"7":12,"8":2},"f":{"0":7,"1":2,"2":2,"3":12,"4":12,"5":2},"b":{"0":[1,6],"1":[12,12]},"meta":{"lastBranch":2,"lastFunction":6,"lastStatement":9,"seen":{"s:9:17:9:46":0,"f:11:16:11:36":0,"b:12:4:13:Infinity:undefined:undefined:undefined:undefined":0,"s:12:4:13:Infinity":1,"s:13:8:13:Infinity":2,"s:15:4:15:Infinity":3,"f:18:16:18:31":1,"s:19:4:19:Infinity":4,"f:22:16:22:34":2,"s:23:4:27:Infinity":5,"f:23:34:23:42":3,"s:24:9:25:Infinity":6,"f:24:67:24:Infinity":4,"s:25:30:25:Infinity":7,"b:25:30:25:53:25:53:25:Infinity":1,"f:30:16:30:50":5,"s:31:4:31:Infinity":8}}}
,"/Users/josecosta/dev/swarm-cli/src/modules/Commands/useCases/arch.ts": {"path":"/Users/josecosta/dev/swarm-cli/src/modules/Commands/useCases/arch.ts","statementMap":{"0":{"start":{"line":9,"column":28},"end":{"line":9,"column":30}},"1":{"start":{"line":10,"column":4},"end":{"line":21,"column":null}},"2":{"start":{"line":11,"column":14},"end":{"line":11,"column":40}},"3":{"start":{"line":12,"column":8},"end":{"line":18,"column":null}},"4":{"start":{"line":13,"column":12},"end":{"line":13,"column":null}},"5":{"start":{"line":13,"column":82},"end":{"line":13,"column":null}},"6":{"start":{"line":14,"column":18},"end":{"line":14,"column":45}},"7":{"start":{"line":15,"column":12},"end":{"line":18,"column":null}},"8":{"start":{"line":16,"column":16},"end":{"line":16,"column":null}},"9":{"start":{"line":17,"column":23},"end":{"line":18,"column":null}},"10":{"start":{"line":18,"column":16},"end":{"line":18,"column":null}},"11":{"start":{"line":24,"column":4},"end":{"line":24,"column":null}},"12":{"start":{"line":29,"column":4},"end":{"line":33,"column":null}},"13":{"start":{"line":30,"column":8},"end":{"line":30,"column":null}},"14":{"start":{"line":32,"column":8},"end":{"line":32,"column":null}},"15":{"start":{"line":33,"column":8},"end":{"line":33,"column":null}},"16":{"start":{"line":36,"column":4},"end":{"line":36,"column":null}},"17":{"start":{"line":38,"column":10},"end":{"line":38,"column":40}},"18":{"start":{"line":39,"column":18},"end":{"line":39,"column":35}},"19":{"start":{"line":41,"column":21},"end":{"line":41,"column":null}},"20":{"start":{"line":43,"column":4},"end":{"line":70,"column":null}},"21":{"start":{"line":44,"column":14},"end":{"line":44,"column":50}},"22":{"start":{"line":45,"column":22},"end":{"line":45,"column":41}},"23":{"start":{"line":50,"column":22},"end":{"line":50,"column":null}},"24":{"start":{"line":52,"column":8},"end":{"line":70,"column":null}},"25":{"start":{"line":52,"column":21},"end":{"line":52,"column":24}},"26":{"start":{"line":53,"column":25},"end":{"line":53,"column":null}},"27":{"start":{"line":55,"column":32},"end":{"line":55,"column":57}},"28":{"start":{"line":57,"column":12},"end":{"line":70,"column":null}},"29":{"start":{"line":58,"column":37},"end":{"line":58,"column":null}},"30":{"start":{"line":59,"column":31},"end":{"line":59,"column":null}},"31":{"start":{"line":62,"column":16},"end":{"line":63,"column":null}},"32":{"start":{"line":63,"column":20},"end":{"line":63,"column":null}},"33":{"start":{"line":66,"column":16},"end":{"line":66,"column":null}},"34":{"start":{"line":67,"column":16},"end":{"line":67,"column":null}},"35":{"start":{"line":68,"column":16},"end":{"line":68,"column":null}},"36":{"start":{"line":69,"column":16},"end":{"line":69,"column":null}},"37":{"start":{"line":70,"column":16},"end":{"line":70,"column":null}},"38":{"start":{"line":75,"column":4},"end":{"line":79,"column":null}},"39":{"start":{"line":76,"column":8},"end":{"line":76,"column":null}},"40":{"start":{"line":78,"column":8},"end":{"line":78,"column":null}},"41":{"start":{"line":79,"column":8},"end":{"line":79,"column":null}},"42":{"start":{"line":81,"column":4},"end":{"line":81,"column":null}},"43":{"start":{"line":84,"column":0},"end":{"line":85,"column":null}},"44":{"start":{"line":85,"column":4},"end":{"line":85,"column":null}}},"fnMap":{"0":{"name":"findFiles","decl":{"start":{"line":8,"column":16},"end":{"line":8,"column":26}},"loc":{"start":{"line":8,"column":49},"end":{"line":24,"column":null}},"line":8},"1":{"name":"run","decl":{"start":{"line":27,"column":16},"end":{"line":27,"column":30}},"loc":{"start":{"line":27,"column":30},"end":{"line":81,"column":null}},"line":27}},"branchMap":{"0":{"loc":{"start":{"line":13,"column":12},"end":{"line":13,"column":null}},"type":"if","locations":[{"start":{"line":13,"column":12},"end":{"line":13,"column":null}},{"start":{},"end":{}}],"line":13},"1":{"loc":{"start":{"line":13,"column":16},"end":{"line":13,"column":82}},"type":"binary-expr","locations":[{"start":{"line":13,"column":16},"end":{"line":13,"column":44}},{"start":{"line":13,"column":44},"end":{"line":13,"column":64}},{"start":{"line":13,"column":64},"end":{"line":13,"column":82}}],"line":13},"2":{"loc":{"start":{"line":15,"column":12},"end":{"line":18,"column":null}},"type":"if","locations":[{"start":{"line":15,"column":12},"end":{"line":18,"column":null}},{"start":{"line":17,"column":23},"end":{"line":18,"column":null}}],"line":15},"3":{"loc":{"start":{"line":17,"column":23},"end":{"line":18,"column":null}},"type":"if","locations":[{"start":{"line":17,"column":23},"end":{"line":18,"column":null}},{"start":{},"end":{}}],"line":17},"4":{"loc":{"start":{"line":17,"column":23},"end":{"line":17,"column":76}},"type":"binary-expr","locations":[{"start":{"line":17,"column":23},"end":{"line":17,"column":47}},{"start":{"line":17,"column":51},"end":{"line":17,"column":76}}],"line":17},"5":{"loc":{"start":{"line":62,"column":16},"end":{"line":63,"column":null}},"type":"if","locations":[{"start":{"line":62,"column":16},"end":{"line":63,"column":null}},{"start":{},"end":{}}],"line":62},"6":{"loc":{"start":{"line":75,"column":4},"end":{"line":79,"column":null}},"type":"if","locations":[{"start":{"line":75,"column":4},"end":{"line":79,"column":null}},{"start":{"line":77,"column":11},"end":{"line":79,"column":null}}],"line":75},"7":{"loc":{"start":{"line":84,"column":0},"end":{"line":85,"column":null}},"type":"if","locations":[{"start":{"line":84,"column":0},"end":{"line":85,"column":null}},{"start":{},"end":{}}],"line":84}},"s":{"0":4,"1":4,"2":4,"3":4,"4":4,"5":0,"6":4,"7":4,"8":0,"9":4,"10":4,"11":4,"12":3,"13":3,"14":1,"15":1,"16":2,"17":2,"18":2,"19":2,"20":2,"21":2,"22":2,"23":2,"24":2,"25":2,"26":2,"27":2,"28":2,"29":1,"30":1,"31":1,"32":0,"33":1,"34":1,"35":1,"36":1,"37":1,"38":2,"39":1,"40":1,"41":1,"42":1,"43":1,"44":0},"f":{"0":4,"1":3},"b":{"0":[0,4],"1":[4,4,4],"2":[0,4],"3":[4,0],"4":[4,1],"5":[0,1],"6":[1,1],"7":[0,1]},"meta":{"lastBranch":8,"lastFunction":2,"lastStatement":45,"seen":{"f:8:16:8:26":0,"s:9:28:9:30":0,"s:10:4:21:Infinity":1,"s:11:14:11:40":2,"s:12:8:18:Infinity":3,"b:13:12:13:Infinity:undefined:undefined:undefined:undefined":0,"s:13:12:13:Infinity":4,"b:13:16:13:44:13:44:13:64:13:64:13:82":1,"s:13:82:13:Infinity":5,"s:14:18:14:45":6,"b:15:12:18:Infinity:17:23:18:Infinity":2,"s:15:12:18:Infinity":7,"s:16:16:16:Infinity":8,"b:17:23:18:Infinity:undefined:undefined:undefined:undefined":3,"s:17:23:18:Infinity":9,"b:17:23:17:47:17:51:17:76":4,"s:18:16:18:Infinity":10,"s:24:4:24:Infinity":11,"f:27:16:27:30":1,"s:29:4:33:Infinity":12,"s:30:8:30:Infinity":13,"s:32:8:32:Infinity":14,"s:33:8:33:Infinity":15,"s:36:4:36:Infinity":16,"s:38:10:38:40":17,"s:39:18:39:35":18,"s:41:21:41:Infinity":19,"s:43:4:70:Infinity":20,"s:44:14:44:50":21,"s:45:22:45:41":22,"s:50:22:50:Infinity":23,"s:52:8:70:Infinity":24,"s:52:21:52:24":25,"s:53:25:53:Infinity":26,"s:55:32:55:57":27,"s:57:12:70:Infinity":28,"s:58:37:58:Infinity":29,"s:59:31:59:Infinity":30,"b:62:16:63:Infinity:undefined:undefined:undefined:undefined":5,"s:62:16:63:Infinity":31,"s:63:20:63:Infinity":32,"s:66:16:66:Infinity":33,"s:67:16:67:Infinity":34,"s:68:16:68:Infinity":35,"s:69:16:69:Infinity":36,"s:70:16:70:Infinity":37,"b:75:4:79:Infinity:77:11:79:Infinity":6,"s:75:4:79:Infinity":38,"s:76:8:76:Infinity":39,"s:78:8:78:Infinity":40,"s:79:8:79:Infinity":41,"s:81:4:81:Infinity":42,"b:84:0:85:Infinity:undefined:undefined:undefined:undefined":7,"s:84:0:85:Infinity":43,"s:85:4:85:Infinity":44}}}
,"/Users/josecosta/dev/swarm-cli/src/modules/Commands/useCases/ast-rename.ts": {"path":"/Users/josecosta/dev/swarm-cli/src/modules/Commands/useCases/ast-rename.ts","statementMap":{"0":{"start":{"line":16,"column":4},"end":{"line":20,"column":null}},"1":{"start":{"line":17,"column":8},"end":{"line":17,"column":null}},"2":{"start":{"line":19,"column":8},"end":{"line":19,"column":null}},"3":{"start":{"line":20,"column":8},"end":{"line":20,"column":null}},"4":{"start":{"line":23,"column":12},"end":{"line":23,"column":60}},"5":{"start":{"line":24,"column":21},"end":{"line":24,"column":null}},"6":{"start":{"line":25,"column":20},"end":{"line":25,"column":null}},"7":{"start":{"line":26,"column":20},"end":{"line":26,"column":null}},"8":{"start":{"line":28,"column":4},"end":{"line":30,"column":null}},"9":{"start":{"line":29,"column":8},"end":{"line":29,"column":null}},"10":{"start":{"line":30,"column":8},"end":{"line":30,"column":null}},"11":{"start":{"line":33,"column":4},"end":{"line":33,"column":null}},"12":{"start":{"line":35,"column":10},"end":{"line":35,"column":70}},"13":{"start":{"line":37,"column":4},"end":{"line":41,"column":null}},"14":{"start":{"line":38,"column":8},"end":{"line":38,"column":null}},"15":{"start":{"line":40,"column":8},"end":{"line":40,"column":null}},"16":{"start":{"line":41,"column":8},"end":{"line":41,"column":null}},"17":{"start":{"line":43,"column":4},"end":{"line":43,"column":null}},"18":{"start":{"line":46,"column":0},"end":{"line":47,"column":null}},"19":{"start":{"line":47,"column":4},"end":{"line":47,"column":null}}},"fnMap":{"0":{"name":"run","decl":{"start":{"line":14,"column":16},"end":{"line":14,"column":30}},"loc":{"start":{"line":14,"column":30},"end":{"line":43,"column":null}},"line":14}},"branchMap":{"0":{"loc":{"start":{"line":28,"column":4},"end":{"line":30,"column":null}},"type":"if","locations":[{"start":{"line":28,"column":4},"end":{"line":30,"column":null}},{"start":{},"end":{}}],"line":28},"1":{"loc":{"start":{"line":28,"column":8},"end":{"line":28,"column":43}},"type":"binary-expr","locations":[{"start":{"line":28,"column":8},"end":{"line":28,"column":21}},{"start":{"line":28,"column":21},"end":{"line":28,"column":33}},{"start":{"line":28,"column":33},"end":{"line":28,"column":43}}],"line":28},"2":{"loc":{"start":{"line":37,"column":4},"end":{"line":41,"column":null}},"type":"if","locations":[{"start":{"line":37,"column":4},"end":{"line":41,"column":null}},{"start":{"line":39,"column":11},"end":{"line":41,"column":null}}],"line":37},"3":{"loc":{"start":{"line":40,"column":46},"end":{"line":40,"column":78}},"type":"binary-expr","locations":[{"start":{"line":40,"column":46},"end":{"line":40,"column":62}},{"start":{"line":40,"column":62},"end":{"line":40,"column":78}}],"line":40},"4":{"loc":{"start":{"line":46,"column":0},"end":{"line":47,"column":null}},"type":"if","locations":[{"start":{"line":46,"column":0},"end":{"line":47,"column":null}},{"start":{},"end":{}}],"line":46}},"s":{"0":4,"1":4,"2":1,"3":1,"4":3,"5":3,"6":3,"7":3,"8":3,"9":1,"10":1,"11":2,"12":2,"13":2,"14":1,"15":1,"16":1,"17":1,"18":1,"19":0},"f":{"0":4},"b":{"0":[1,2],"1":[3,2,2],"2":[1,1],"3":[1,0],"4":[0,1]},"meta":{"lastBranch":5,"lastFunction":1,"lastStatement":20,"seen":{"f:14:16:14:30":0,"s:16:4:20:Infinity":0,"s:17:8:17:Infinity":1,"s:19:8:19:Infinity":2,"s:20:8:20:Infinity":3,"s:23:12:23:60":4,"s:24:21:24:Infinity":5,"s:25:20:25:Infinity":6,"s:26:20:26:Infinity":7,"b:28:4:30:Infinity:undefined:undefined:undefined:undefined":0,"s:28:4:30:Infinity":8,"b:28:8:28:21:28:21:28:33:28:33:28:43":1,"s:29:8:29:Infinity":9,"s:30:8:30:Infinity":10,"s:33:4:33:Infinity":11,"s:35:10:35:70":12,"b:37:4:41:Infinity:39:11:41:Infinity":2,"s:37:4:41:Infinity":13,"s:38:8:38:Infinity":14,"s:40:8:40:Infinity":15,"b:40:46:40:62:40:62:40:78":3,"s:41:8:41:Infinity":16,"s:43:4:43:Infinity":17,"b:46:0:47:Infinity:undefined:undefined:undefined:undefined":4,"s:46:0:47:Infinity":18,"s:47:4:47:Infinity":19}}}
,"/Users/josecosta/dev/swarm-cli/src/modules/Commands/useCases/audit-sec.ts": {"path":"/Users/josecosta/dev/swarm-cli/src/modules/Commands/useCases/audit-sec.ts","statementMap":{"0":{"start":{"line":7,"column":23},"end":{"line":13,"column":null}},"1":{"start":{"line":16,"column":18},"end":{"line":16,"column":37}},"2":{"start":{"line":17,"column":19},"end":{"line":17,"column":21}},"3":{"start":{"line":19,"column":4},"end":{"line":28,"column":null}},"4":{"start":{"line":19,"column":17},"end":{"line":19,"column":20}},"5":{"start":{"line":20,"column":21},"end":{"line":20,"column":null}},"6":{"start":{"line":22,"column":8},"end":{"line":28,"column":null}},"7":{"start":{"line":23,"column":12},"end":{"line":28,"column":null}},"8":{"start":{"line":24,"column":16},"end":{"line":28,"column":null}},"9":{"start":{"line":32,"column":4},"end":{"line":32,"column":null}},"10":{"start":{"line":37,"column":4},"end":{"line":41,"column":null}},"11":{"start":{"line":38,"column":8},"end":{"line":38,"column":null}},"12":{"start":{"line":40,"column":8},"end":{"line":40,"column":null}},"13":{"start":{"line":41,"column":8},"end":{"line":41,"column":null}},"14":{"start":{"line":44,"column":12},"end":{"line":44,"column":60}},"15":{"start":{"line":45,"column":23},"end":{"line":45,"column":null}},"16":{"start":{"line":47,"column":4},"end":{"line":49,"column":null}},"17":{"start":{"line":48,"column":8},"end":{"line":48,"column":null}},"18":{"start":{"line":49,"column":8},"end":{"line":49,"column":null}},"19":{"start":{"line":52,"column":10},"end":{"line":52,"column":57}},"20":{"start":{"line":53,"column":4},"end":{"line":55,"column":null}},"21":{"start":{"line":54,"column":8},"end":{"line":54,"column":null}},"22":{"start":{"line":55,"column":8},"end":{"line":55,"column":null}},"23":{"start":{"line":57,"column":21},"end":{"line":57,"column":null}},"24":{"start":{"line":58,"column":4},"end":{"line":60,"column":null}},"25":{"start":{"line":59,"column":8},"end":{"line":59,"column":null}},"26":{"start":{"line":60,"column":8},"end":{"line":60,"column":null}},"27":{"start":{"line":63,"column":10},"end":{"line":63,"column":50}},"28":{"start":{"line":64,"column":19},"end":{"line":64,"column":41}},"29":{"start":{"line":66,"column":4},"end":{"line":66,"column":null}},"30":{"start":{"line":68,"column":4},"end":{"line":76,"column":null}},"31":{"start":{"line":69,"column":8},"end":{"line":69,"column":null}},"32":{"start":{"line":71,"column":8},"end":{"line":71,"column":null}},"33":{"start":{"line":72,"column":8},"end":{"line":75,"column":null}},"34":{"start":{"line":73,"column":12},"end":{"line":73,"column":null}},"35":{"start":{"line":74,"column":12},"end":{"line":74,"column":null}},"36":{"start":{"line":76,"column":8},"end":{"line":76,"column":null}},"37":{"start":{"line":78,"column":4},"end":{"line":78,"column":null}},"38":{"start":{"line":79,"column":4},"end":{"line":79,"column":null}},"39":{"start":{"line":82,"column":0},"end":{"line":83,"column":null}},"40":{"start":{"line":83,"column":4},"end":{"line":83,"column":null}}},"fnMap":{"0":{"name":"auditSecurity","decl":{"start":{"line":15,"column":16},"end":{"line":15,"column":30}},"loc":{"start":{"line":15,"column":47},"end":{"line":32,"column":null}},"line":15},"1":{"name":"run","decl":{"start":{"line":35,"column":16},"end":{"line":35,"column":30}},"loc":{"start":{"line":35,"column":30},"end":{"line":79,"column":null}},"line":35},"2":{"name":"(anonymous_2)","decl":{"start":{"line":72,"column":15},"end":{"line":72,"column":23}},"loc":{"start":{"line":72,"column":32},"end":{"line":75,"column":null}},"line":72}},"branchMap":{"0":{"loc":{"start":{"line":23,"column":12},"end":{"line":28,"column":null}},"type":"if","locations":[{"start":{"line":23,"column":12},"end":{"line":28,"column":null}},{"start":{},"end":{}}],"line":23},"1":{"loc":{"start":{"line":47,"column":4},"end":{"line":49,"column":null}},"type":"if","locations":[{"start":{"line":47,"column":4},"end":{"line":49,"column":null}},{"start":{},"end":{}}],"line":47},"2":{"loc":{"start":{"line":53,"column":4},"end":{"line":55,"column":null}},"type":"if","locations":[{"start":{"line":53,"column":4},"end":{"line":55,"column":null}},{"start":{},"end":{}}],"line":53},"3":{"loc":{"start":{"line":58,"column":4},"end":{"line":60,"column":null}},"type":"if","locations":[{"start":{"line":58,"column":4},"end":{"line":60,"column":null}},{"start":{},"end":{}}],"line":58},"4":{"loc":{"start":{"line":68,"column":4},"end":{"line":76,"column":null}},"type":"if","locations":[{"start":{"line":68,"column":4},"end":{"line":76,"column":null}},{"start":{"line":70,"column":11},"end":{"line":76,"column":null}}],"line":68},"5":{"loc":{"start":{"line":82,"column":0},"end":{"line":83,"column":null}},"type":"if","locations":[{"start":{"line":82,"column":0},"end":{"line":83,"column":null}},{"start":{},"end":{}}],"line":82}},"s":{"0":1,"1":8,"2":8,"3":8,"4":8,"5":8,"6":8,"7":40,"8":6,"9":8,"10":5,"11":5,"12":1,"13":1,"14":4,"15":4,"16":4,"17":1,"18":1,"19":3,"20":3,"21":0,"22":0,"23":3,"24":3,"25":1,"26":1,"27":2,"28":2,"29":2,"30":2,"31":1,"32":1,"33":1,"34":1,"35":1,"36":1,"37":1,"38":1,"39":1,"40":0},"f":{"0":8,"1":5,"2":1},"b":{"0":[6,34],"1":[1,3],"2":[0,3],"3":[1,2],"4":[1,1],"5":[0,1]},"meta":{"lastBranch":6,"lastFunction":3,"lastStatement":41,"seen":{"s:7:23:13:Infinity":0,"f:15:16:15:30":0,"s:16:18:16:37":1,"s:17:19:17:21":2,"s:19:4:28:Infinity":3,"s:19:17:19:20":4,"s:20:21:20:Infinity":5,"s:22:8:28:Infinity":6,"b:23:12:28:Infinity:undefined:undefined:undefined:undefined":0,"s:23:12:28:Infinity":7,"s:24:16:28:Infinity":8,"s:32:4:32:Infinity":9,"f:35:16:35:30":1,"s:37:4:41:Infinity":10,"s:38:8:38:Infinity":11,"s:40:8:40:Infinity":12,"s:41:8:41:Infinity":13,"s:44:12:44:60":14,"s:45:23:45:Infinity":15,"b:47:4:49:Infinity:undefined:undefined:undefined:undefined":1,"s:47:4:49:Infinity":16,"s:48:8:48:Infinity":17,"s:49:8:49:Infinity":18,"s:52:10:52:57":19,"b:53:4:55:Infinity:undefined:undefined:undefined:undefined":2,"s:53:4:55:Infinity":20,"s:54:8:54:Infinity":21,"s:55:8:55:Infinity":22,"s:57:21:57:Infinity":23,"b:58:4:60:Infinity:undefined:undefined:undefined:undefined":3,"s:58:4:60:Infinity":24,"s:59:8:59:Infinity":25,"s:60:8:60:Infinity":26,"s:63:10:63:50":27,"s:64:19:64:41":28,"s:66:4:66:Infinity":29,"b:68:4:76:Infinity:70:11:76:Infinity":4,"s:68:4:76:Infinity":30,"s:69:8:69:Infinity":31,"s:71:8:71:Infinity":32,"s:72:8:75:Infinity":33,"f:72:15:72:23":2,"s:73:12:73:Infinity":34,"s:74:12:74:Infinity":35,"s:76:8:76:Infinity":36,"s:78:4:78:Infinity":37,"s:79:4:79:Infinity":38,"b:82:0:83:Infinity:undefined:undefined:undefined:undefined":5,"s:82:0:83:Infinity":39,"s:83:4:83:Infinity":40}}}
,"/Users/josecosta/dev/swarm-cli/src/modules/Commands/useCases/capabilities.ts": {"path":"/Users/josecosta/dev/swarm-cli/src/modules/Commands/useCases/capabilities.ts","statementMap":{"0":{"start":{"line":7,"column":12},"end":{"line":7,"column":55}},"1":{"start":{"line":8,"column":19},"end":{"line":8,"column":null}},"2":{"start":{"line":10,"column":10},"end":{"line":10,"column":44}},"3":{"start":{"line":12,"column":4},"end":{"line":14,"column":null}},"4":{"start":{"line":13,"column":8},"end":{"line":13,"column":null}},"5":{"start":{"line":14,"column":8},"end":{"line":14,"column":null}},"6":{"start":{"line":17,"column":4},"end":{"line":19,"column":null}},"7":{"start":{"line":18,"column":8},"end":{"line":18,"column":null}},"8":{"start":{"line":19,"column":8},"end":{"line":19,"column":null}},"9":{"start":{"line":22,"column":19},"end":{"line":22,"column":57}},"10":{"start":{"line":23,"column":4},"end":{"line":26,"column":null}},"11":{"start":{"line":24,"column":25},"end":{"line":24,"column":51}},"12":{"start":{"line":25,"column":8},"end":{"line":25,"column":null}},"13":{"start":{"line":26,"column":8},"end":{"line":26,"column":null}},"14":{"start":{"line":29,"column":4},"end":{"line":32,"column":null}},"15":{"start":{"line":30,"column":8},"end":{"line":30,"column":null}},"16":{"start":{"line":31,"column":8},"end":{"line":32,"column":null}},"17":{"start":{"line":32,"column":12},"end":{"line":32,"column":null}},"18":{"start":{"line":36,"column":4},"end":{"line":36,"column":null}},"19":{"start":{"line":37,"column":4},"end":{"line":37,"column":null}},"20":{"start":{"line":40,"column":0},"end":{"line":41,"column":null}},"21":{"start":{"line":41,"column":4},"end":{"line":41,"column":null}}},"fnMap":{"0":{"name":"run","decl":{"start":{"line":6,"column":16},"end":{"line":6,"column":30}},"loc":{"start":{"line":6,"column":30},"end":{"line":37,"column":null}},"line":6}},"branchMap":{"0":{"loc":{"start":{"line":12,"column":4},"end":{"line":14,"column":null}},"type":"if","locations":[{"start":{"line":12,"column":4},"end":{"line":14,"column":null}},{"start":{},"end":{}}],"line":12},"1":{"loc":{"start":{"line":17,"column":4},"end":{"line":19,"column":null}},"type":"if","locations":[{"start":{"line":17,"column":4},"end":{"line":19,"column":null}},{"start":{},"end":{}}],"line":17},"2":{"loc":{"start":{"line":24,"column":25},"end":{"line":24,"column":51}},"type":"binary-expr","locations":[{"start":{"line":24,"column":25},"end":{"line":24,"column":45}},{"start":{"line":24,"column":49},"end":{"line":24,"column":51}}],"line":24},"3":{"loc":{"start":{"line":40,"column":0},"end":{"line":41,"column":null}},"type":"if","locations":[{"start":{"line":40,"column":0},"end":{"line":41,"column":null}},{"start":{},"end":{}}],"line":40}},"s":{"0":3,"1":3,"2":3,"3":3,"4":1,"5":1,"6":2,"7":1,"8":1,"9":1,"10":1,"11":3,"12":3,"13":3,"14":1,"15":2,"16":2,"17":3,"18":1,"19":1,"20":1,"21":0},"f":{"0":3},"b":{"0":[1,2],"1":[1,1],"2":[3,2],"3":[0,1]},"meta":{"lastBranch":4,"lastFunction":1,"lastStatement":22,"seen":{"f:6:16:6:30":0,"s:7:12:7:55":0,"s:8:19:8:Infinity":1,"s:10:10:10:44":2,"b:12:4:14:Infinity:undefined:undefined:undefined:undefined":0,"s:12:4:14:Infinity":3,"s:13:8:13:Infinity":4,"s:14:8:14:Infinity":5,"b:17:4:19:Infinity:undefined:undefined:undefined:undefined":1,"s:17:4:19:Infinity":6,"s:18:8:18:Infinity":7,"s:19:8:19:Infinity":8,"s:22:19:22:57":9,"s:23:4:26:Infinity":10,"s:24:25:24:51":11,"b:24:25:24:45:24:49:24:51":2,"s:25:8:25:Infinity":12,"s:26:8:26:Infinity":13,"s:29:4:32:Infinity":14,"s:30:8:30:Infinity":15,"s:31:8:32:Infinity":16,"s:32:12:32:Infinity":17,"s:36:4:36:Infinity":18,"s:37:4:37:Infinity":19,"b:40:0:41:Infinity:undefined:undefined:undefined:undefined":3,"s:40:0:41:Infinity":20,"s:41:4:41:Infinity":21}}}
,"/Users/josecosta/dev/swarm-cli/src/modules/Commands/useCases/chaos.ts": {"path":"/Users/josecosta/dev/swarm-cli/src/modules/Commands/useCases/chaos.ts","statementMap":{"0":{"start":{"line":10,"column":4},"end":{"line":14,"column":null}},"1":{"start":{"line":11,"column":8},"end":{"line":11,"column":null}},"2":{"start":{"line":13,"column":8},"end":{"line":13,"column":null}},"3":{"start":{"line":14,"column":8},"end":{"line":14,"column":null}},"4":{"start":{"line":17,"column":24},"end":{"line":17,"column":67}},"5":{"start":{"line":18,"column":20},"end":{"line":18,"column":null}},"6":{"start":{"line":20,"column":10},"end":{"line":20,"column":48}},"7":{"start":{"line":22,"column":4},"end":{"line":22,"column":null}},"8":{"start":{"line":24,"column":4},"end":{"line":52,"column":null}},"9":{"start":{"line":25,"column":22},"end":{"line":25,"column":58}},"10":{"start":{"line":26,"column":25},"end":{"line":26,"column":64}},"11":{"start":{"line":28,"column":25},"end":{"line":28,"column":null}},"12":{"start":{"line":29,"column":8},"end":{"line":29,"column":null}},"13":{"start":{"line":29,"column":33},"end":{"line":29,"column":null}},"14":{"start":{"line":32,"column":8},"end":{"line":32,"column":null}},"15":{"start":{"line":32,"column":56},"end":{"line":32,"column":84}},"16":{"start":{"line":34,"column":8},"end":{"line":34,"column":null}},"17":{"start":{"line":35,"column":8},"end":{"line":35,"column":null}},"18":{"start":{"line":37,"column":8},"end":{"line":37,"column":null}},"19":{"start":{"line":38,"column":8},"end":{"line":38,"column":null}},"20":{"start":{"line":39,"column":8},"end":{"line":39,"column":null}},"21":{"start":{"line":40,"column":8},"end":{"line":40,"column":null}},"22":{"start":{"line":42,"column":15},"end":{"line":52,"column":null}},"23":{"start":{"line":43,"column":8},"end":{"line":46,"column":null}},"24":{"start":{"line":44,"column":16},"end":{"line":44,"column":58}},"25":{"start":{"line":45,"column":12},"end":{"line":45,"column":null}},"26":{"start":{"line":45,"column":60},"end":{"line":45,"column":88}},"27":{"start":{"line":46,"column":12},"end":{"line":46,"column":null}},"28":{"start":{"line":48,"column":8},"end":{"line":48,"column":null}},"29":{"start":{"line":49,"column":8},"end":{"line":49,"column":null}},"30":{"start":{"line":51,"column":8},"end":{"line":51,"column":null}},"31":{"start":{"line":52,"column":8},"end":{"line":52,"column":null}},"32":{"start":{"line":54,"column":4},"end":{"line":54,"column":null}},"33":{"start":{"line":55,"column":4},"end":{"line":55,"column":null}},"34":{"start":{"line":58,"column":0},"end":{"line":59,"column":null}},"35":{"start":{"line":59,"column":4},"end":{"line":59,"column":null}}},"fnMap":{"0":{"name":"run","decl":{"start":{"line":8,"column":16},"end":{"line":8,"column":30}},"loc":{"start":{"line":8,"column":30},"end":{"line":55,"column":null}},"line":8},"1":{"name":"(anonymous_1)","decl":{"start":{"line":32,"column":44},"end":{"line":32,"column":51}},"loc":{"start":{"line":32,"column":56},"end":{"line":32,"column":84}},"line":32},"2":{"name":"(anonymous_2)","decl":{"start":{"line":45,"column":48},"end":{"line":45,"column":55}},"loc":{"start":{"line":45,"column":60},"end":{"line":45,"column":88}},"line":45}},"branchMap":{"0":{"loc":{"start":{"line":24,"column":4},"end":{"line":52,"column":null}},"type":"if","locations":[{"start":{"line":24,"column":4},"end":{"line":52,"column":null}},{"start":{"line":42,"column":15},"end":{"line":52,"column":null}}],"line":24},"1":{"loc":{"start":{"line":25,"column":29},"end":{"line":25,"column":58}},"type":"binary-expr","locations":[{"start":{"line":25,"column":29},"end":{"line":25,"column":47}},{"start":{"line":25,"column":51},"end":{"line":25,"column":58}}],"line":25},"2":{"loc":{"start":{"line":26,"column":32},"end":{"line":26,"column":64}},"type":"binary-expr","locations":[{"start":{"line":26,"column":32},"end":{"line":26,"column":54}},{"start":{"line":26,"column":58},"end":{"line":26,"column":64}}],"line":26},"3":{"loc":{"start":{"line":29,"column":8},"end":{"line":29,"column":null}},"type":"if","locations":[{"start":{"line":29,"column":8},"end":{"line":29,"column":null}},{"start":{},"end":{}}],"line":29},"4":{"loc":{"start":{"line":42,"column":15},"end":{"line":52,"column":null}},"type":"if","locations":[{"start":{"line":42,"column":15},"end":{"line":52,"column":null}},{"start":{"line":50,"column":11},"end":{"line":52,"column":null}}],"line":42},"5":{"loc":{"start":{"line":43,"column":8},"end":{"line":46,"column":null}},"type":"if","locations":[{"start":{"line":43,"column":8},"end":{"line":46,"column":null}},{"start":{},"end":{}}],"line":43},"6":{"loc":{"start":{"line":58,"column":0},"end":{"line":59,"column":null}},"type":"if","locations":[{"start":{"line":58,"column":0},"end":{"line":59,"column":null}},{"start":{},"end":{}}],"line":58}},"s":{"0":3,"1":3,"2":0,"3":0,"4":3,"5":3,"6":3,"7":3,"8":3,"9":1,"10":1,"11":1,"12":1,"13":1,"14":1,"15":2,"16":1,"17":1,"18":1,"19":1,"20":1,"21":1,"22":2,"23":1,"24":1,"25":1,"26":3,"27":1,"28":1,"29":1,"30":1,"31":1,"32":2,"33":2,"34":1,"35":0},"f":{"0":3,"1":2,"2":3},"b":{"0":[1,2],"1":[1,1],"2":[1,1],"3":[1,0],"4":[1,1],"5":[1,0],"6":[0,1]},"meta":{"lastBranch":7,"lastFunction":3,"lastStatement":36,"seen":{"f:8:16:8:30":0,"s:10:4:14:Infinity":0,"s:11:8:11:Infinity":1,"s:13:8:13:Infinity":2,"s:14:8:14:Infinity":3,"s:17:24:17:67":4,"s:18:20:18:Infinity":5,"s:20:10:20:48":6,"s:22:4:22:Infinity":7,"b:24:4:52:Infinity:42:15:52:Infinity":0,"s:24:4:52:Infinity":8,"s:25:22:25:58":9,"b:25:29:25:47:25:51:25:58":1,"s:26:25:26:64":10,"b:26:32:26:54:26:58:26:64":2,"s:28:25:28:Infinity":11,"b:29:8:29:Infinity:undefined:undefined:undefined:undefined":3,"s:29:8:29:Infinity":12,"s:29:33:29:Infinity":13,"s:32:8:32:Infinity":14,"f:32:44:32:51":1,"s:32:56:32:84":15,"s:34:8:34:Infinity":16,"s:35:8:35:Infinity":17,"s:37:8:37:Infinity":18,"s:38:8:38:Infinity":19,"s:39:8:39:Infinity":20,"s:40:8:40:Infinity":21,"b:42:15:52:Infinity:50:11:52:Infinity":4,"s:42:15:52:Infinity":22,"b:43:8:46:Infinity:undefined:undefined:undefined:undefined":5,"s:43:8:46:Infinity":23,"s:44:16:44:58":24,"s:45:12:45:Infinity":25,"f:45:48:45:55":2,"s:45:60:45:88":26,"s:46:12:46:Infinity":27,"s:48:8:48:Infinity":28,"s:49:8:49:Infinity":29,"s:51:8:51:Infinity":30,"s:52:8:52:Infinity":31,"s:54:4:54:Infinity":32,"s:55:4:55:Infinity":33,"b:58:0:59:Infinity:undefined:undefined:undefined:undefined":6,"s:58:0:59:Infinity":34,"s:59:4:59:Infinity":35}}}
,"/Users/josecosta/dev/swarm-cli/src/modules/Commands/useCases/chat.ts": {"path":"/Users/josecosta/dev/swarm-cli/src/modules/Commands/useCases/chat.ts","statementMap":{"0":{"start":{"line":10,"column":4},"end":{"line":14,"column":null}},"1":{"start":{"line":11,"column":8},"end":{"line":11,"column":null}},"2":{"start":{"line":13,"column":8},"end":{"line":13,"column":null}},"3":{"start":{"line":14,"column":8},"end":{"line":14,"column":null}},"4":{"start":{"line":19,"column":25},"end":{"line":19,"column":null}},"5":{"start":{"line":20,"column":17},"end":{"line":20,"column":null}},"6":{"start":{"line":21,"column":4},"end":{"line":24,"column":null}},"7":{"start":{"line":22,"column":8},"end":{"line":22,"column":null}},"8":{"start":{"line":23,"column":15},"end":{"line":24,"column":null}},"9":{"start":{"line":24,"column":8},"end":{"line":24,"column":null}},"10":{"start":{"line":27,"column":24},"end":{"line":27,"column":67}},"11":{"start":{"line":28,"column":23},"end":{"line":28,"column":null}},"12":{"start":{"line":29,"column":20},"end":{"line":29,"column":58}},"13":{"start":{"line":31,"column":4},"end":{"line":32,"column":null}},"14":{"start":{"line":32,"column":8},"end":{"line":32,"column":null}},"15":{"start":{"line":35,"column":4},"end":{"line":37,"column":null}},"16":{"start":{"line":36,"column":8},"end":{"line":36,"column":null}},"17":{"start":{"line":37,"column":8},"end":{"line":37,"column":null}},"18":{"start":{"line":40,"column":10},"end":{"line":40,"column":51}},"19":{"start":{"line":41,"column":4},"end":{"line":41,"column":null}},"20":{"start":{"line":41,"column":29},"end":{"line":41,"column":null}},"21":{"start":{"line":44,"column":25},"end":{"line":44,"column":52}},"22":{"start":{"line":45,"column":10},"end":{"line":45,"column":77}},"23":{"start":{"line":47,"column":4},"end":{"line":61,"column":null}},"24":{"start":{"line":49,"column":26},"end":{"line":49,"column":50}},"25":{"start":{"line":50,"column":26},"end":{"line":50,"column":null}},"26":{"start":{"line":51,"column":8},"end":{"line":51,"column":null}},"27":{"start":{"line":
[...]
e":251,"column":16},"end":{"line":251,"column":38}},"loc":{"start":{"line":251,"column":101},"end":{"line":266,"column":null}},"line":251},"13":{"name":"(anonymous_13)","decl":{"start":{"line":260,"column":46},"end":{"line":260,"column":51}},"loc":{"start":{"line":260,"column":65},"end":{"line":260,"column":97}},"line":260},"14":{"name":"delete_branch","decl":{"start":{"line":273,"column":16},"end":{"line":273,"column":30}},"loc":{"start":{"line":273,"column":99},"end":{"line":299,"column":null}},"line":273},"15":{"name":"list_branches_by_prefix","decl":{"start":{"line":305,"column":16},"end":{"line":305,"column":40}},"loc":{"start":{"line":305,"column":84},"end":{"line":313,"column":null}},"line":305},"16":{"name":"(anonymous_16)","decl":{"start":{"line":310,"column":13},"end":{"line":310,"column":18}},"loc":{"start":{"line":310,"column":32},"end":{"line":310,"column":64}},"line":310},"17":{"name":"git_available","decl":{"start":{"line":320,"column":9},"end":{"line":320,"column":25}},"loc":{"start":{"line":320,"column":25},"end":{"line":322,"column":null}},"line":320},"18":{"name":"worktree_sync","decl":{"start":{"line":329,"column":16},"end":{"line":329,"column":30}},"loc":{"start":{"line":329,"column":81},"end":{"line":335,"column":null}},"line":329}},"branchMap":{"0":{"loc":{"start":{"line":41,"column":29},"end":{"line":41,"column":56}},"type":"default-arg","locations":[{"start":{"line":41,"column":54},"end":{"line":41,"column":56}}],"line":41},"1":{"loc":{"start":{"line":46,"column":4},"end":{"line":46,"column":null}},"type":"if","locations":[{"start":{"line":46,"column":4},"end":{"line":46,"column":null}},{"start":{},"end":{}}],"line":46},"2":{"loc":{"start":{"line":47,"column":4},"end":{"line":48,"column":null}},"type":"if","locations":[{"start":{"line":47,"column":4},"end":{"line":48,"column":null}},{"start":{},"end":{}}],"line":47},"3":{"loc":{"start":{"line":48,"column":18},"end":{"line":48,"column":80}},"type":"binary-expr","locations":[{"start":{"line":48,"column":18},"end":{"line":48,"column":52}},{"start":{"line":48,"column":56},"end":{"line":48,"column":80}}],"line":48},"4":{"loc":{"start":{"line":48,"column":25},"end":{"line":48,"column":46}},"type":"binary-expr","locations":[{"start":{"line":48,"column":25},"end":{"line":48,"column":42}},{"start":{"line":48,"column":42},"end":{"line":48,"column":46}}],"line":48},"5":{"loc":{"start":{"line":50,"column":12},"end":{"line":50,"column":33}},"type":"binary-expr","locations":[{"start":{"line":50,"column":12},"end":{"line":50,"column":29}},{"start":{"line":50,"column":29},"end":{"line":50,"column":33}}],"line":50},"6":{"loc":{"start":{"line":57,"column":4},"end":{"line":58,"column":null}},"type":"if","locations":[{"start":{"line":57,"column":4},"end":{"line":58,"column":null}},{"start":{},"end":{}}],"line":57},"7":{"loc":{"start":{"line":87,"column":8},"end":{"line":95,"column":null}},"type":"if","locations":[{"start":{"line":87,"column":8},"end":{"line":95,"column":null}},{"start":{"line":90,"column":19},"end":{"line":95,"column":null}}],"line":87},"8":{"loc":{"start":{"line":88,"column":12},"end":{"line":88,"column":null}},"type":"if","locations":[{"start":{"line":88,"column":12},"end":{"line":88,"column":null}},{"start":{},"end":{}}],"line":88},"9":{"loc":{"start":{"line":90,"column":19},"end":{"line":95,"column":null}},"type":"if","locations":[{"start":{"line":90,"column":19},"end":{"line":95,"column":null}},{"start":{"line":92,"column":19},"end":{"line":95,"column":null}}],"line":90},"10":{"loc":{"start":{"line":90,"column":19},"end":{"line":90,"column":56}},"type":"binary-expr","locations":[{"start":{"line":90,"column":19},"end":{"line":90,"column":43}},{"start":{"line":90,"column":47},"end":{"line":90,"column":56}}],"line":90},"11":{"loc":{"start":{"line":92,"column":19},"end":{"line":95,"column":null}},"type":"if","locations":[{"start":{"line":92,"column":19},"end":{"line":95,"column":null}},{"start":{"line":94,"column":19},"end":{"line":95,"column":null}}],"line":92},"12":{"loc":{"start":{"line":92,"column":19},"end":{"line":92,"column":58}},"type":"binary-expr","locations":[{"start":{"line":92,"column":19},"end":{"line":92,"column":45}},{"start":{"line":92,"column":49},"end":{"line":92,"column":58}}],"line":92},"13":{"loc":{"start":{"line":94,"column":19},"end":{"line":95,"column":null}},"type":"if","locations":[{"start":{"line":94,"column":19},"end":{"line":95,"column":null}},{"start":{},"end":{}}],"line":94},"14":{"loc":{"start":{"line":94,"column":19},"end":{"line":94,"column":47}},"type":"binary-expr","locations":[{"start":{"line":94,"column":19},"end":{"line":94,"column":38}},{"start":{"line":94,"column":38},"end":{"line":94,"column":47}}],"line":94},"15":{"loc":{"start":{"line":98,"column":4},"end":{"line":98,"column":null}},"type":"if","locations":[{"start":{"line":98,"column":4},"end":{"line":98,"column":null}},{"start":{},"end":{}}],"line":98},"16":{"loc":{"start":{"line":119,"column":11},"end":{"line":119,"column":null}},"type":"cond-expr","locations":[{"start":{"line":119,"column":19},"end":{"line":119,"column":32}},{"start":{"line":119,"column":32},"end":{"line":119,"column":null}}],"line":119},"17":{"loc":{"start":{"line":134,"column":17},"end":{"line":136,"column":null}},"type":"cond-expr","locations":[{"start":{"line":135,"column":10},"end":{"line":135,"column":null}},{"start":{"line":136,"column":10},"end":{"line":136,"column":null}}],"line":134},"18":{"loc":{"start":{"line":140,"column":4},"end":{"line":148,"column":null}},"type":"if","locations":[{"start":{"line":140,"column":4},"end":{"line":148,"column":null}},{"start":{},"end":{}}],"line":140},"19":{"loc":{"start":{"line":150,"column":4},"end":{"line":158,"column":null}},"type":"if","locations":[{"start":{"line":150,"column":4},"end":{"line":158,"column":null}},{"start":{},"end":{}}],"line":150},"20":{"loc":{"start":{"line":151,"column":14},"end":{"line":151,"column":null}},"type":"binary-expr","locations":[{"start":{"line":151,"column":14},"end":{"line":151,"column":51}},{"start":{"line":151,"column":55},"end":{"line":151,"column":null}}],"line":151},"21":{"loc":{"start":{"line":151,"column":24},"end":{"line":151,"column":45}},"type":"binary-expr","locations":[{"start":{"line":151,"column":24},"end":{"line":151,"column":41}},{"start":{"line":151,"column":41},"end":{"line":151,"column":45}}],"line":151},"22":{"loc":{"start":{"line":169,"column":4},"end":{"line":170,"column":null}},"type":"if","locations":[{"start":{"line":169,"column":4},"end":{"line":170,"column":null}},{"start":{},"end":{}}],"line":169},"23":{"loc":{"start":{"line":176,"column":4},"end":{"line":184,"column":null}},"type":"if","locations":[{"start":{"line":176,"column":4},"end":{"line":184,"column":null}},{"start":{},"end":{}}],"line":176},"24":{"loc":{"start":{"line":186,"column":4},"end":{"line":194,"column":null}},"type":"if","locations":[{"start":{"line":186,"column":4},"end":{"line":194,"column":null}},{"start":{},"end":{}}],"line":186},"25":{"loc":{"start":{"line":187,"column":14},"end":{"line":187,"column":null}},"type":"binary-expr","locations":[{"start":{"line":187,"column":14},"end":{"line":187,"column":51}},{"start":{"line":187,"column":55},"end":{"line":187,"column":null}}],"line":187},"26":{"loc":{"start":{"line":187,"column":24},"end":{"line":187,"column":45}},"type":"binary-expr","locations":[{"start":{"line":187,"column":24},"end":{"line":187,"column":41}},{"start":{"line":187,"column":41},"end":{"line":187,"column":45}}],"line":187},"27":{"loc":{"start":{"line":214,"column":25},"end":{"line":214,"column":67}},"type":"cond-expr","locations":[{"start":{"line":214,"column":46},"end":{"line":214,"column":58}},{"start":{"line":214,"column":58},"end":{"line":214,"column":67}}],"line":214},"28":{"loc":{"start":{"line":223,"column":4},"end":{"line":223,"column":null}},"type":"if","locations":[{"start":{"line":223,"column":4},"end":{"line":223,"column":null}},{"start":{},"end":{}}],"line":223},"29":{"loc":{"start":{"line":228,"column":4},"end":{"line":228,"column":null}},"type":"if","locations":[{"start":{"line":228,"column":4},"end":{"line":228,"column":null}},{"start":{},"end":{}}],"line":228},"30":{"loc":{"start":{"line":229,"column":12},"end":{"line":229,"column":33}},"type":"binary-expr","locations":[{"start":{"line":229,"column":12},"end":{"line":229,"column":29}},{"start":{"line":229,"column":29},"end":{"line":229,"column":33}}],"line":229},"31":{"loc":{"start":{"line":236,"column":4},"end":{"line":236,"column":null}},"type":"if","locations":[{"start":{"line":236,"column":4},"end":{"line":236,"column":null}},{"start":{},"end":{}}],"line":236},"32":{"loc":{"start":{"line":241,"column":4},"end":{"line":241,"column":null}},"type":"if","locations":[{"start":{"line":241,"column":4},"end":{"line":241,"column":null}},{"start":{},"end":{}}],"line":241},"33":{"loc":{"start":{"line":242,"column":19},"end":{"line":242,"column":40}},"type":"binary-expr","locations":[{"start":{"line":242,"column":19},"end":{"line":242,"column":36}},{"start":{"line":242,"column":36},"end":{"line":242,"column":40}}],"line":242},"34":{"loc":{"start":{"line":243,"column":4},"end":{"line":243,"column":null}},"type":"if","locations":[{"start":{"line":243,"column":4},"end":{"line":243,"column":null}},{"start":{},"end":{}}],"line":243},"35":{"loc":{"start":{"line":245,"column":44},"end":{"line":245,"column":67}},"type":"cond-expr","locations":[{"start":{"line":245,"column":58},"end":{"line":245,"column":64}},{"start":{"line":245,"column":64},"end":{"line":245,"column":67}}],"line":245},"36":{"loc":{"start":{"line":257,"column":12},"end":{"line":257,"column":null}},"type":"if","locations":[{"start":{"line":257,"column":12},"end":{"line":257,"column":null}},{"start":{},"end":{}}],"line":257},"37":{"loc":{"start":{"line":261,"column":12},"end":{"line":261,"column":null}},"type":"if","locations":[{"start":{"line":261,"column":12},"end":{"line":261,"column":null}},{"start":{},"end":{}}],"line":261},"38":{"loc":{"start":{"line":273,"column":64},"end":{"line":273,"column":99}},"type":"default-arg","locations":[{"start":{"line":273,"column":72},"end":{"line":273,"column":99}}],"line":273},"39":{"loc":{"start":{"line":274,"column":47},"end":{"line":274,"column":68}},"type":"cond-expr","locations":[{"start":{"line":274,"column":55},"end":{"line":274,"column":62}},{"start":{"line":274,"column":62},"end":{"line":274,"column":68}}],"line":274},"40":{"loc":{"start":{"line":279,"column":4},"end":{"line":287,"column":null}},"type":"if","locations":[{"start":{"line":279,"column":4},"end":{"line":287,"column":null}},{"start":{},"end":{}}],"line":279},"41":{"loc":{"start":{"line":289,"column":4},"end":{"line":297,"column":null}},"type":"if","locations":[{"start":{"line":289,"column":4},"end":{"line":297,"column":null}},{"start":{},"end":{}}],"line":289},"42":{"loc":{"start":{"line":290,"column":14},"end":{"line":290,"column":null}},"type":"binary-expr","locations":[{"start":{"line":290,"column":14},"end":{"line":290,"column":51}},{"start":{"line":290,"column":55},"end":{"line":290,"column":null}}],"line":290},"43":{"loc":{"start":{"line":290,"column":24},"end":{"line":290,"column":45}},"type":"binary-expr","locations":[{"start":{"line":290,"column":24},"end":{"line":290,"column":41}},{"start":{"line":290,"column":41},"end":{"line":290,"column":45}}],"line":290}},"s":{"0":13,"1":13,"2":0,"3":13,"4":1,"5":12,"6":0,"7":0,"8":0,"9":0,"10":0,"11":2,"12":4,"13":4,"14":1,"15":3,"16":3,"17":3,"18":21,"19":6,"20":3,"21":6,"22":15,"23":6,"24":9,"25":5,"26":4,"27":1,"28":3,"29":3,"30":3,"31":6,"32":6,"33":2,"34":2,"35":3,"36":2,"37":4,"38":4,"39":4,"40":1,"41":3,"42":1,"43":1,"44":2,"45":3,"46":3,"47":1,"48":3,"49":3,"50":3,"51":0,"52":3,"53":1,"54":1,"55":2,"56":1,"57":1,"58":1,"59":0,"60":0,"61":3,"62":1,"63":2,"64":2,"65":0,"66":2,"67":4,"68":1,"69":3,"70":3,"71":0,"72":3,"73":4,"74":1,"75":2,"76":2,"77":2,"78":2,"79":3,"80":3,"81":3,"82":0,"83":3,"84":3,"85":4,"86":3,"87":1,"88":1,"89":5,"90":5,"91":0,"92":5,"93":1,"94":1,"95":4,"96":2,"97":2,"98":2,"99":4,"100":0,"101":0,"102":0,"103":2,"104":2},"f":{"0":13,"1":0,"2":2,"3":4,"4":6,"5":2,"6":3,"7":4,"8":3,"9":1,"10":3,"11":4,"12":2,"13":4,"14":5,"15":2,"16":4,"17":0,"18":2},"b":{"0":[13],"1":[0,13],"2":[1,12],"3":[1,0],"4":[1,0],"5":[12,2],"6":[0,0],"7":[6,15],"8":[3,3],"9":[6,9],"10":[15,6],"11":[5,4],"12":[9,5],"13":[1,3],"14":[4,1],"15":[3,0],"16":[1,1],"17":[1,3],"18":[1,3],"19":[1,2],"20":[1,0],"21":[1,0],"22":[1,2],"23":[0,3],"24":[1,2],"25":[1,0],"26":[1,0],"27":[0,0],"28":[1,2],"29":[0,2],"30":[2,1],"31":[1,3],"32":[0,3],"33":[3,1],"34":[1,3],"35":[1,1],"36":[0,3],"37":[1,2],"38":[5],"39":[2,3],"40":[0,5],"41":[1,4],"42":[1,0],"43":[1,0]},"meta":{"lastBranch":44,"lastFunction":19,"lastStatement":105,"seen":{"f:41:9:41:13":0,"b:41:54:41:56":0,"s:42:10:45:6":0,"b:46:4:46:Infinity:undefined:undefined:undefined:undefined":1,"s:46:4:46:Infinity":1,"s:46:22:46:Infinity":2,"b:47:4:48:Infinity:undefined:undefined:undefined:undefined":2,"s:47:4:48:Infinity":3,"s:48:8:48:Infinity":4,"b:48:18:48:52:48:56:48:80":3,"b:48:25:48:42:48:42:48:46":4,"s:50:4:50:Infinity":5,"b:50:12:50:29:50:29:50:33":5,"f:56:16:56:40":1,"b:57:4:58:Infinity:undefined:undefined:undefined:undefined":6,"s:57:4:58:Infinity":6,"s:58:8:58:Infinity":7,"s:60:4:63:Infinity":8,"s:61:8:61:Infinity":9,"s:63:8:63:Infinity":10,"f:70:16:70:30":2,"s:71:4:71:Infinity":11,"f:77:16:77:30":3,"s:79:4:82:Infinity":12,"s:80:8:80:Infinity":13,"s:82:8:82:Infinity":14,"s:84:38:84:40":15,"s:85:39:85:Infinity":16,"s:86:4:95:Infinity":17,"b:87:8:95:Infinity:90:19:95:Infinity":7,"s:87:8:95:Infinity":18,"b:88:12:88:Infinity:undefined:undefined:undefined:undefined":8,"s:88:12:88:Infinity":19,"s:88:25:88:Infinity":20,"s:89:12:89:Infinity":21,"b:90:19:95:Infinity:92:19:95:Infinity":9,"s:90:19:95:Infinity":22,"b:90:19:90:43:90:47:90:56":10,"s:91:12:91:Infinity":23,"b:92:19:95:Infinity:94:19:95:Infinity":11,"s:92:19:95:Infinity":24,"b:92:19:92:45:92:49:92:58":12,"s:93:12:93:Infinity":25,"b:94:19:95:Infinity:undefined:undefined:undefined:undefined":13,"s:94:19:95:Infinity":26,"b:94:19:94:38:94:38:94:47":14,"s:95:12:95:Infinity":27,"b:98:4:98:Infinity:undefined:undefined:undefined:undefined":15,"s:98:4:98:Infinity":28,"s:98:17:98:Infinity":29,"s:99:4:99:Infinity":30,"f:105:16:105:30":4,"s:106:10:109:6":31,"s:110:4:110:Infinity":32,"f:116:16:116:41":5,"s:117:17:117:40":33,"s:118:18:118:55":34,"f:118:23:118:29":6,"s:118:35:118:55":35,"s:119:4:119:Infinity":36,"b:119:19:119:32:119:32:119:Infinity":16,"f:128:16:128:Infinity":7,"s:134:17:136:Infinity":37,"b:135:10:135:Infinity:136:10:136:Infinity":17,"s:138:10:138:78":38,"b:140:4:148:Infinity:undefined:undefined:undefined:undefined":18,"s:140:4:148:Infinity":39,"s:141:8:148:Infinity":40,"b:150:4:158:Infinity:undefined:undefined:undefined:undefined":19,"s:150:4:158:Infinity":41,"s:151:14:151:Infinity":42,"b:151:14:151:51:151:55:151:Infinity":20,"b:151:24:151:41:151:41:151:45":21,"s:152:8:158:Infinity":43,"s:160:4:160:Infinity":44,"f:167:16:167:32":8,"s:168:17:168:39":45,"b:169:4:170:Infinity:undefined:undefined:undefined:undefined":22,"s:169:4:170:Infinity":46,"s:170:8:170:Infinity":47,"s:172:4:172:Infinity":48,"s:174:10:174:78":49,"b:176:4:184:Infinity:undefined:undefined:undefined:undefined":23,"s:176:4:184:Infinity":50,"s:177:8:184:Infinity":51,"b:186:4:194:Infinity:undefined:undefined:undefined:undefined":24,"s:186:4:194:Infinity":52,"s:187:14:187:Infinity":53,"b:187:14:187:51:187:55:187:Infinity":25,"b:187:24:187:41:187:41:187:45":26,"s:188:8:194:Infinity":54,"s:196:4:196:Infinity":55,"f:209:16:209:31":9,"s:210:4:215:Infinity":56,"s:211:8:211:Infinity":57,"s:212:8:212:Infinity":58,"s:214:25:214:67":59,"b:214:46:214:58:214:58:214:67":27,"s:215:8:215:Infinity":60,"f:222:16:222:34":10,"b:223:4:223:Infinity:undefined:undefined:undefined:undefined":28,"s:223:4:223:Infinity":61,"s:223:35:223:Infinity":62,"s:224:10:227:6":63,"b:228:4:228:Infinity:undefined:undefined:undefined:undefined":29,"s:228:4:228:Infinity":64,"s:228:29:228:Infinity":65,"s:229:4:229:Infinity":66,"b:229:12:229:29:229:29:229:33":30,"f:235:16:235:35":11,"b:236:4:236:Infinity:undefined:undefined:undefined:undefined":31,"s:236:4:236:Infinity":67,"s:236:35:236:Infinity":68,"s:237:10:240:6":69,"b:241:4:241:Infinity:undefined:undefined:undefined:undefined":32,"s:241:4:241:Infinity":70,"s:241:29:241:Infinity":71,"s:242:10:242:46":72,"b:242:19:242:36:242:36:242:40":33,"b:243:4:243:Infinity:undefined:undefined:undefined:undefined":34,"s:243:4:243:Infinity":73,"s:243:16:243:Infinity":74,"s:244:18:244:Infinity":75,"s:245:4:245:Infinity":76,"b:245:58:245:64:245:64:245:67":35,"f:251:16:251:38":12,"s:252:17:252:53":77,"s:253:4:262:Infinity":78,"s:254:8:262:Infinity":79,"s:256:32:256:114":80,"b:257:12:257:Infinity:undefined:undefined:undefined:undefined":36,"s:257:12:257:Infinity":81,"s:257:35:257:Infinity":82,"s:259:27:259:78":83,"s:260:27:260:98":84,"f:260:46:260:51":13,"s:260:65:260:97":85,"b:261:12:261:Infinity:undefined:undefined:undefined:undefined":37,"s:261:12:261:Infinity":86,"s:261:41:261:Infinity":87,"s:266:4:266:Infinity":88,"f:273:16:273:30":14,"b:273:72:273:99":38,"s:274:10:277:6":89,"b:274:55:274:62:274:62:274:68":39,"b:279:4:287:Infinity:undefined:undefined:undefined:undefined":40,"s:279:4:287:Infinity":90,"s:280:8:287:Infinity":91,"b:289:4:297:Infinity:undefined:undefined:undefined:undefined":41,"s:289:4:297:Infinity":92,"s:290:14:290:Infinity":93,"b:290:14:290:51:290:55:290:Infinity":42,"b:290:24:290:41:290:41:290:45":43,"s:291:8:297:Infinity":94,"s:299:4:299:Infinity":95,"f:305:16:305:40":15,"s:306:4:313:Infinity":96,"s:307:23:307:81":97,"s:308:8:311:Infinity":98,"f:310:13:310:18":16,"s:310:32:310:64":99,"s:313:8:313:Infinity":100,"f:320:9:320:25":17,"s:321:10:321:67":101,"s:322:4:322:Infinity":102,"f:329:16:329:30":18,"s:330:10:334:6":103,"s:335:4:335:Infinity":104}}}
,"/Users/josecosta/dev/swarm-cli/src/modules/Workspace/useCases/resolveWithin.ts": {"path":"/Users/josecosta/dev/swarm-cli/src/modules/Workspace/useCases/resolveWithin.ts","statementMap":{"0":{"start":{"line":25,"column":10},"end":{"line":25,"column":37}},"1":{"start":{"line":26,"column":10},"end":{"line":26,"column":50}},"2":{"start":{"line":30,"column":4},"end":{"line":31,"column":null}},"3":{"start":{"line":31,"column":8},"end":{"line":31,"column":null}},"4":{"start":{"line":33,"column":24},"end":{"line":33,"column":null}},"5":{"start":{"line":34,"column":4},"end":{"line":35,"column":null}},"6":{"start":{"line":35,"column":8},"end":{"line":35,"column":null}},"7":{"start":{"line":38,"column":4},"end":{"line":44,"column":null}}},"fnMap":{"0":{"name":"resolve_within","decl":{"start":{"line":24,"column":16},"end":{"line":24,"column":31}},"loc":{"start":{"line":24,"column":88},"end":{"line":44,"column":null}},"line":24}},"branchMap":{"0":{"loc":{"start":{"line":30,"column":4},"end":{"line":31,"column":null}},"type":"if","locations":[{"start":{"line":30,"column":4},"end":{"line":31,"column":null}},{"start":{},"end":{}}],"line":30},"1":{"loc":{"start":{"line":33,"column":24},"end":{"line":33,"column":null}},"type":"cond-expr","locations":[{"start":{"line":33,"column":48},"end":{"line":33,"column":58}},{"start":{"line":33,"column":58},"end":{"line":33,"column":null}}],"line":33},"2":{"loc":{"start":{"line":34,"column":4},"end":{"line":35,"column":null}},"type":"if","locations":[{"start":{"line":34,"column":4},"end":{"line":35,"column":null}},{"start":{},"end":{}}],"line":34}},"s":{"0":9,"1":9,"2":9,"3":1,"4":8,"5":9,"6":5,"7":3},"f":{"0":9},"b":{"0":[1,8],"1":[0,8],"2":[5,4]},"meta":{"lastBranch":3,"lastFunction":1,"lastStatement":8,"seen":{"f:24:16:24:31":0,"s:25:10:25:37":0,"s:26:10:26:50":1,"b:30:4:31:Infinity:undefined:undefined:undefined:undefined":0,"s:30:4:31:Infinity":2,"s:31:8:31:Infinity":3,"s:33:24:33:Infinity":4,"b:33:48:33:58:33:58:33:Infinity":1,"b:34:4:35:Infinity:undefined:undefined:undefined:undefined":2,"s:34:4:35:Infinity":5,"s:35:8:35:Infinity":6,"s:38:4:44:Infinity":7}}}
}
